======== Slurm Job started on gpu16.barkla2.liv.alces.network ========
SLURM job: True
0 - SLURM_JOB_ID: 2704960
0 - SLURM_JOB_NODELIST: gpu16
0 - SLURM_JOB_NUM_NODES: 1
0 - SLURM_NTASKS: 1
0 - SLURM_TASKS_PER_NODE: 1
0 - SLURM_MEM_PER_NODE: None
0 - SLURM_MEM_PER_CPU: 5333
0 - SLURM_NODEID: 0
0 - SLURM_PROCID: 0
0 - SLURM_LOCALID: 0
0 - SLURM_TASK_PID: 3847041
0 - Master address: gpu16
0 - Master port   : -1
0 - Number of nodes: 1
0 - Node ID        : 0
0 - Local rank     : 0
0 - Global rank    : 0
0 - World size     : 1
0 - GPUs per node  : 1
0 - Master         : True
0 - Multi-node     : False
0 - Multi-GPU      : False
0 - Hostname       : gpu16.barkla2.liv.alces.network
infeasibility in SOS checker 1/(8*x0**2 + 2*x0 + 4*x1**2 + x1 + 4*x2**2 - 2*x2 + 1) contains an element of the set of generators.
optimisation error ('1/(8*x0**2 + 2*x0 + 4*x1**2 + x1 + 4*x2**2 - 2*x2 + 1) contains an element of the set of generators.',)
infeasibility in SOS checker 1/(8*x0**2 + 2*x0 + 4*x1**2 + x1 + 4*x2**2 - 2*x2 + 1) contains an element of the set of generators.
optimisation error ('1/(8*x0**2 + 2*x0 + 4*x1**2 + x1 + 4*x2**2 - 2*x2 + 1) contains an element of the set of generators.',)
infeasibility in SOS checker 1/(8*x0**2 + 2*x0 + 4*x1**2 + x1 + 4*x2**2 - 2*x2 + 1) contains an element of the set of generators.
optimisation error ('1/(8*x0**2 + 2*x0 + 4*x1**2 + x1 + 4*x2**2 - 2*x2 + 1) contains an element of the set of generators.',)
infeasibility in SOS checker 1/(8*x0**2 + 2*x0 + 4*x1**2 + x1 + 4*x2**2 - 2*x2 + 1) contains an element of the set of generators.
optimisation error ('1/(8*x0**2 + 2*x0 + 4*x1**2 + x1 + 4*x2**2 - 2*x2 + 1) contains an element of the set of generators.',)
infeasibility in SOS checker 1/(8*x0**2 + 2*x0 + 4*x1**2 + x1 + 4*x2**2 - 2*x2 + 1) contains an element of the set of generators.
optimisation error ('1/(8*x0**2 + 2*x0 + 4*x1**2 + x1 + 4*x2**2 - 2*x2 + 1) contains an element of the set of generators.',)
infeasibility in SOS checker 1/(8*x0**2 + 2*x0 + 4*x1**2 + x1 + 4*x2**2 - 2*x2 + 1) contains an element of the set of generators.
optimisation error ('1/(8*x0**2 + 2*x0 + 4*x1**2 + x1 + 4*x2**2 - 2*x2 + 1) contains an element of the set of generators.',)
infeasibility in SOS checker 1/(8*x0**2 + 2*x0 + 4*x1**2 + x1 + 4*x2**2 - 2*x2 + 1) contains an element of the set of generators.
optimisation error ('1/(8*x0**2 + 2*x0 + 4*x1**2 + x1 + 4*x2**2 - 2*x2 + 1) contains an element of the set of generators.',)
infeasibility in SOS checker 1/(8*x0**2 + 2*x0 + 4*x1**2 + x1 + 4*x2**2 - 2*x2 + 1) contains an element of the set of generators.
optimisation error ('1/(8*x0**2 + 2*x0 + 4*x1**2 + x1 + 4*x2**2 - 2*x2 + 1) contains an element of the set of generators.',)
infeasibility in SOS checker 1/(8*x0**2 + 2*x0 + 4*x1**2 + x1 + 4*x2**2 - 2*x2 + 1) contains an element of the set of generators.
optimisation error ('1/(8*x0**2 + 2*x0 + 4*x1**2 + x1 + 4*x2**2 - 2*x2 + 1) contains an element of the set of generators.',)
infeasibility in SOS checker 1/(8*x0**2 + 2*x0 + 4*x1**2 + x1 + 4*x2**2 - 2*x2 + 1) contains an element of the set of generators.
optimisation error ('1/(8*x0**2 + 2*x0 + 4*x1**2 + x1 + 4*x2**2 - 2*x2 + 1) contains an element of the set of generators.',)
infeasibility in SOS checker 1/(8*x0**2 + 2*x0 + 4*x1**2 + x1 + 4*x2**2 - 2*x2 + 1) contains an element of the set of generators.
optimisation error ('1/(8*x0**2 + 2*x0 + 4*x1**2 + x1 + 4*x2**2 - 2*x2 + 1) contains an element of the set of generators.',)
infeasibility in SOS checker 1/(8*x0**2 + 2*x0 + 4*x1**2 + x1 + 4*x2**2 - 2*x2 + 1) contains an element of the set of generators.
optimisation error ('1/(8*x0**2 + 2*x0 + 4*x1**2 + x1 + 4*x2**2 - 2*x2 + 1) contains an element of the set of generators.',)
infeasibility in SOS checker 1/(8*x0**2 + 2*x0 + 4*x1**2 + x1 + 4*x2**2 - 2*x2 + 1) contains an element of the set of generators.
optimisation error ('1/(8*x0**2 + 2*x0 + 4*x1**2 + x1 + 4*x2**2 - 2*x2 + 1) contains an element of the set of generators.',)
infeasibility in SOS checker 1/(8*x0**2 + 2*x0 + 4*x1**2 + x1 + 4*x2**2 - 2*x2 + 1) contains an element of the set of generators.
optimisation error ('1/(8*x0**2 + 2*x0 + 4*x1**2 + x1 + 4*x2**2 - 2*x2 + 1) contains an element of the set of generators.',)
infeasibility in SOS checker 1/(8*x0**2 + 2*x0 + 4*x1**2 + x1 + 4*x2**2 - 2*x2 + 1) contains an element of the set of generators.
optimisation error ('1/(8*x0**2 + 2*x0 + 4*x1**2 + x1 + 4*x2**2 - 2*x2 + 1) contains an element of the set of generators.',)
infeasibility in SOS checker 1/(8*x0**2 + 2*x0 + 4*x1**2 + x1 + 4*x2**2 - 2*x2 + 1) contains an element of the set of generators.
optimisation error ('1/(8*x0**2 + 2*x0 + 4*x1**2 + x1 + 4*x2**2 - 2*x2 + 1) contains an element of the set of generators.',)
infeasibility in SOS checker 1/(8*x0**2 + 2*x0 + 4*x1**2 + x1 + 4*x2**2 - 2*x2 + 1) contains an element of the set of generators.
optimisation error ('1/(8*x0**2 + 2*x0 + 4*x1**2 + x1 + 4*x2**2 - 2*x2 + 1) contains an element of the set of generators.',)
infeasibility in SOS checker 1/(8*x0**2 + 2*x0 + 4*x1**2 + x1 + 4*x2**2 - 2*x2 + 1) contains an element of the set of generators.
optimisation error ('1/(8*x0**2 + 2*x0 + 4*x1**2 + x1 + 4*x2**2 - 2*x2 + 1) contains an element of the set of generators.',)
infeasibility in SOS checker 1/(8*x0**2 + 2*x0 + 4*x1**2 + x1 + 4*x2**2 - 2*x2 + 1) contains an element of the set of generators.
optimisation error ('1/(8*x0**2 + 2*x0 + 4*x1**2 + x1 + 4*x2**2 - 2*x2 + 1) contains an element of the set of generators.',)
infeasibility in SOS checker 1/(8*x0**2 + 2*x0 + 4*x1**2 + x1 + 4*x2**2 - 2*x2 + 1) contains an element of the set of generators.
optimisation error ('1/(8*x0**2 + 2*x0 + 4*x1**2 + x1 + 4*x2**2 - 2*x2 + 1) contains an element of the set of generators.',)
infeasibility in SOS checker 1/(8*x0**2 + 2*x0 + 4*x1**2 + x1 + 4*x2**2 - 2*x2 + 1) contains an element of the set of generators.
optimisation error ('1/(8*x0**2 + 2*x0 + 4*x1**2 + x1 + 4*x2**2 - 2*x2 + 1) contains an element of the set of generators.',)
infeasibility in SOS checker 1/(8*x0**2 + 2*x0 + 4*x1**2 + x1 + 4*x2**2 - 2*x2 + 1) contains an element of the set of generators.
optimisation error ('1/(8*x0**2 + 2*x0 + 4*x1**2 + x1 + 4*x2**2 - 2*x2 + 1) contains an element of the set of generators.',)
infeasibility in SOS checker 1/(8*x0**2 + 2*x0 + 4*x1**2 + x1 + 4*x2**2 - 2*x2 + 1) contains an element of the set of generators.
optimisation error ('1/(8*x0**2 + 2*x0 + 4*x1**2 + x1 + 4*x2**2 - 2*x2 + 1) contains an element of the set of generators.',)
infeasibility in SOS checker 1/(8*x0**2 + 2*x0 + 4*x1**2 + x1 + 4*x2**2 - 2*x2 + 1) contains an element of the set of generators.
optimisation error ('1/(8*x0**2 + 2*x0 + 4*x1**2 + x1 + 4*x2**2 - 2*x2 + 1) contains an element of the set of generators.',)
infeasibility in SOS checker 1/(8*x0**2 + 2*x0 + 4*x1**2 + x1 + 4*x2**2 - 2*x2 + 1) contains an element of the set of generators.
optimisation error ('1/(8*x0**2 + 2*x0 + 4*x1**2 + x1 + 4*x2**2 - 2*x2 + 1) contains an element of the set of generators.',)
infeasibility in SOS checker 1/(8*x0**2 + 2*x0 + 4*x1**2 + x1 + 4*x2**2 - 2*x2 + 1) contains an element of the set of generators.
optimisation error ('1/(8*x0**2 + 2*x0 + 4*x1**2 + x1 + 4*x2**2 - 2*x2 + 1) contains an element of the set of generators.',)
infeasibility in SOS checker 1/(8*x0**2 + 2*x0 + 4*x1**2 + x1 + 4*x2**2 - 2*x2 + 1) contains an element of the set of generators.
optimisation error ('1/(8*x0**2 + 2*x0 + 4*x1**2 + x1 + 4*x2**2 - 2*x2 + 1) contains an element of the set of generators.',)
infeasibility in SOS checker 1/(8*x0**2 + 2*x0 + 4*x1**2 + x1 + 4*x2**2 - 2*x2 + 1) contains an element of the set of generators.
optimisation error ('1/(8*x0**2 + 2*x0 + 4*x1**2 + x1 + 4*x2**2 - 2*x2 + 1) contains an element of the set of generators.',)
infeasibility in SOS checker 1/(8*x0**2 + 2*x0 + 4*x1**2 + x1 + 4*x2**2 - 2*x2 + 1) contains an element of the set of generators.
optimisation error ('1/(8*x0**2 + 2*x0 + 4*x1**2 + x1 + 4*x2**2 - 2*x2 + 1) contains an element of the set of generators.',)
infeasibility in SOS checker 1/(8*x0**2 + 2*x0 + 4*x1**2 + x1 + 4*x2**2 - 2*x2 + 1) contains an element of the set of generators.
optimisation error ('1/(8*x0**2 + 2*x0 + 4*x1**2 + x1 + 4*x2**2 - 2*x2 + 1) contains an element of the set of generators.',)
infeasibility in SOS checker 1/(8*x0**2 + 2*x0 + 4*x1**2 + x1 + 4*x2**2 - 2*x2 + 1) contains an element of the set of generators.
optimisation error ('1/(8*x0**2 + 2*x0 + 4*x1**2 + x1 + 4*x2**2 - 2*x2 + 1) contains an element of the set of generators.',)
infeasibility in SOS checker 1/(8*x0**2 + 2*x0 + 4*x1**2 + x1 + 4*x2**2 - 2*x2 + 1) contains an element of the set of generators.
optimisation error ('1/(8*x0**2 + 2*x0 + 4*x1**2 + x1 + 4*x2**2 - 2*x2 + 1) contains an element of the set of generators.',)
infeasibility in SOS checker 1/(8*x0**2 + 2*x0 + 4*x1**2 + x1 + 4*x2**2 - 2*x2 + 1) contains an element of the set of generators.
optimisation error ('1/(8*x0**2 + 2*x0 + 4*x1**2 + x1 + 4*x2**2 - 2*x2 + 1) contains an element of the set of generators.',)
infeasibility in SOS checker 1/(8*x0**2 + 2*x0 + 4*x1**2 + x1 + 4*x2**2 - 2*x2 + 1) contains an element of the set of generators.
optimisation error ('1/(8*x0**2 + 2*x0 + 4*x1**2 + x1 + 4*x2**2 - 2*x2 + 1) contains an element of the set of generators.',)
infeasibility in SOS checker 1/(8*x0**2 + 2*x0 + 4*x1**2 + x1 + 4*x2**2 - 2*x2 + 1) contains an element of the set of generators.
optimisation error ('1/(8*x0**2 + 2*x0 + 4*x1**2 + x1 + 4*x2**2 - 2*x2 + 1) contains an element of the set of generators.',)
infeasibility in SOS checker 1/(8*x0**2 + 2*x0 + 4*x1**2 + x1 + 4*x2**2 - 2*x2 + 1) contains an element of the set of generators.
optimisation error ('1/(8*x0**2 + 2*x0 + 4*x1**2 + x1 + 4*x2**2 - 2*x2 + 1) contains an element of the set of generators.',)
infeasibility in SOS checker 1/(8*x0**2 + 2*x0 + 4*x1**2 + x1 + 4*x2**2 - 2*x2 + 1) contains an element of the set of generators.
optimisation error ('1/(8*x0**2 + 2*x0 + 4*x1**2 + x1 + 4*x2**2 - 2*x2 + 1) contains an element of the set of generators.',)
infeasibility in SOS checker 1/(8*x0**2 + 2*x0 + 4*x1**2 + x1 + 4*x2**2 - 2*x2 + 1) contains an element of the set of generators.
optimisation error ('1/(8*x0**2 + 2*x0 + 4*x1**2 + x1 + 4*x2**2 - 2*x2 + 1) contains an element of the set of generators.',)
infeasibility in SOS checker 1/(8*x0**2 + 2*x0 + 4*x1**2 + x1 + 4*x2**2 - 2*x2 + 1) contains an element of the set of generators.
optimisation error ('1/(8*x0**2 + 2*x0 + 4*x1**2 + x1 + 4*x2**2 - 2*x2 + 1) contains an element of the set of generators.',)
infeasibility in SOS checker 1/(8*x0**2 + 2*x0 + 4*x1**2 + x1 + 4*x2**2 - 2*x2 + 1) contains an element of the set of generators.
optimisation error ('1/(8*x0**2 + 2*x0 + 4*x1**2 + x1 + 4*x2**2 - 2*x2 + 1) contains an element of the set of generators.',)
infeasibility in SOS checker 1/(8*x0**2 + 2*x0 + 4*x1**2 + x1 + 4*x2**2 - 2*x2 + 1) contains an element of the set of generators.
optimisation error ('1/(8*x0**2 + 2*x0 + 4*x1**2 + x1 + 4*x2**2 - 2*x2 + 1) contains an element of the set of generators.',)
infeasibility in SOS checker 1/(8*x0**2 + 2*x0 + 4*x1**2 + x1 + 4*x2**2 - 2*x2 + 1) contains an element of the set of generators.
optimisation error ('1/(8*x0**2 + 2*x0 + 4*x1**2 + x1 + 4*x2**2 - 2*x2 + 1) contains an element of the set of generators.',)
infeasibility in SOS checker 1/(8*x0**2 + 2*x0 + 4*x1**2 + x1 + 4*x2**2 - 2*x2 + 1) contains an element of the set of generators.
optimisation error ('1/(8*x0**2 + 2*x0 + 4*x1**2 + x1 + 4*x2**2 - 2*x2 + 1) contains an element of the set of generators.',)
infeasibility in SOS checker 1/(8*x0**2 + 2*x0 + 4*x1**2 + x1 + 4*x2**2 - 2*x2 + 1) contains an element of the set of generators.
optimisation error ('1/(8*x0**2 + 2*x0 + 4*x1**2 + x1 + 4*x2**2 - 2*x2 + 1) contains an element of the set of generators.',)
infeasibility in SOS checker 1/(8*x0**2 + 2*x0 + 4*x1**2 + x1 + 4*x2**2 - 2*x2 + 1) contains an element of the set of generators.
optimisation error ('1/(8*x0**2 + 2*x0 + 4*x1**2 + x1 + 4*x2**2 - 2*x2 + 1) contains an element of the set of generators.',)
infeasibility in SOS checker 1/(8*x0**2 + 2*x0 + 4*x1**2 + x1 + 4*x2**2 - 2*x2 + 1) contains an element of the set of generators.
optimisation error ('1/(8*x0**2 + 2*x0 + 4*x1**2 + x1 + 4*x2**2 - 2*x2 + 1) contains an element of the set of generators.',)
infeasibility in SOS checker 1/(8*x0**2 + 2*x0 + 4*x1**2 + x1 + 4*x2**2 - 2*x2 + 1) contains an element of the set of generators.
optimisation error ('1/(8*x0**2 + 2*x0 + 4*x1**2 + x1 + 4*x2**2 - 2*x2 + 1) contains an element of the set of generators.',)
infeasibility in SOS checker 1/(8*x0**2 + 2*x0 + 4*x1**2 + x1 + 4*x2**2 - 2*x2 + 1) contains an element of the set of generators.
optimisation error ('1/(8*x0**2 + 2*x0 + 4*x1**2 + x1 + 4*x2**2 - 2*x2 + 1) contains an element of the set of generators.',)
infeasibility in SOS checker 1/(8*x0**2 + 2*x0 + 4*x1**2 + x1 + 4*x2**2 - 2*x2 + 1) contains an element of the set of generators.
optimisation error ('1/(8*x0**2 + 2*x0 + 4*x1**2 + x1 + 4*x2**2 - 2*x2 + 1) contains an element of the set of generators.',)
infeasibility in SOS checker 1/(8*x0**2 + 2*x0 + 4*x1**2 + x1 + 4*x2**2 - 2*x2 + 1) contains an element of the set of generators.
optimisation error ('1/(8*x0**2 + 2*x0 + 4*x1**2 + x1 + 4*x2**2 - 2*x2 + 1) contains an element of the set of generators.',)
infeasibility in SOS checker 1/(8*x0**2 + 2*x0 + 4*x1**2 + x1 + 4*x2**2 - 2*x2 + 1) contains an element of the set of generators.
optimisation error ('1/(8*x0**2 + 2*x0 + 4*x1**2 + x1 + 4*x2**2 - 2*x2 + 1) contains an element of the set of generators.',)
infeasibility in SOS checker 1/(8*x0**2 + 2*x0 + 4*x1**2 + x1 + 4*x2**2 - 2*x2 + 1) contains an element of the set of generators.
optimisation error ('1/(8*x0**2 + 2*x0 + 4*x1**2 + x1 + 4*x2**2 - 2*x2 + 1) contains an element of the set of generators.',)
infeasibility in SOS checker 1/(8*x0**2 + 2*x0 + 4*x1**2 + x1 + 4*x2**2 - 2*x2 + 1) contains an element of the set of generators.
optimisation error ('1/(8*x0**2 + 2*x0 + 4*x1**2 + x1 + 4*x2**2 - 2*x2 + 1) contains an element of the set of generators.',)
infeasibility in SOS checker 1/(8*x0**2 + 2*x0 + 4*x1**2 + x1 + 4*x2**2 - 2*x2 + 1) contains an element of the set of generators.
optimisation error ('1/(8*x0**2 + 2*x0 + 4*x1**2 + x1 + 4*x2**2 - 2*x2 + 1) contains an element of the set of generators.',)
infeasibility in SOS checker 1/(8*x0**2 + 2*x0 + 4*x1**2 + x1 + 4*x2**2 - 2*x2 + 1) contains an element of the set of generators.
optimisation error ('1/(8*x0**2 + 2*x0 + 4*x1**2 + x1 + 4*x2**2 - 2*x2 + 1) contains an element of the set of generators.',)
infeasibility in SOS checker 1/(8*x0**2 + 2*x0 + 4*x1**2 + x1 + 4*x2**2 - 2*x2 + 1) contains an element of the set of generators.
optimisation error ('1/(8*x0**2 + 2*x0 + 4*x1**2 + x1 + 4*x2**2 - 2*x2 + 1) contains an element of the set of generators.',)
infeasibility in SOS checker 1/(8*x0**2 + 2*x0 + 4*x1**2 + x1 + 4*x2**2 - 2*x2 + 1) contains an element of the set of generators.
optimisation error ('1/(8*x0**2 + 2*x0 + 4*x1**2 + x1 + 4*x2**2 - 2*x2 + 1) contains an element of the set of generators.',)
infeasibility in SOS checker 1/(8*x0**2 + 2*x0 + 4*x1**2 + x1 + 4*x2**2 - 2*x2 + 1) contains an element of the set of generators.
optimisation error ('1/(8*x0**2 + 2*x0 + 4*x1**2 + x1 + 4*x2**2 - 2*x2 + 1) contains an element of the set of generators.',)
infeasibility in SOS checker 1/(8*x0**2 + 2*x0 + 4*x1**2 + x1 + 4*x2**2 - 2*x2 + 1) contains an element of the set of generators.
optimisation error ('1/(8*x0**2 + 2*x0 + 4*x1**2 + x1 + 4*x2**2 - 2*x2 + 1) contains an element of the set of generators.',)
infeasibility in SOS checker 1/(8*x0**2 + 2*x0 + 4*x1**2 + x1 + 4*x2**2 - 2*x2 + 1) contains an element of the set of generators.
optimisation error ('1/(8*x0**2 + 2*x0 + 4*x1**2 + x1 + 4*x2**2 - 2*x2 + 1) contains an element of the set of generators.',)
infeasibility in SOS checker 1/(8*x0**2 + 2*x0 + 4*x1**2 + x1 + 4*x2**2 - 2*x2 + 1) contains an element of the set of generators.
optimisation error ('1/(8*x0**2 + 2*x0 + 4*x1**2 + x1 + 4*x2**2 - 2*x2 + 1) contains an element of the set of generators.',)
infeasibility in SOS checker 1/(8*x0**2 + 2*x0 + 4*x1**2 + x1 + 4*x2**2 - 2*x2 + 1) contains an element of the set of generators.
optimisation error ('1/(8*x0**2 + 2*x0 + 4*x1**2 + x1 + 4*x2**2 - 2*x2 + 1) contains an element of the set of generators.',)
infeasibility in SOS checker 1/(8*x0**2 + 2*x0 + 4*x1**2 + x1 + 4*x2**2 - 2*x2 + 1) contains an element of the set of generators.
optimisation error ('1/(8*x0**2 + 2*x0 + 4*x1**2 + x1 + 4*x2**2 - 2*x2 + 1) contains an element of the set of generators.',)
infeasibility in SOS checker 1/(8*x0**2 + 2*x0 + 4*x1**2 + x1 + 4*x2**2 - 2*x2 + 1) contains an element of the set of generators.
optimisation error ('1/(8*x0**2 + 2*x0 + 4*x1**2 + x1 + 4*x2**2 - 2*x2 + 1) contains an element of the set of generators.',)
infeasibility in SOS checker 1/(8*x0**2 + 2*x0 + 4*x1**2 + x1 + 4*x2**2 - 2*x2 + 1) contains an element of the set of generators.
optimisation error ('1/(8*x0**2 + 2*x0 + 4*x1**2 + x1 + 4*x2**2 - 2*x2 + 1) contains an element of the set of generators.',)
infeasibility in SOS checker 1/(8*x0**2 + 2*x0 + 4*x1**2 + x1 + 4*x2**2 - 2*x2 + 1) contains an element of the set of generators.
optimisation error ('1/(8*x0**2 + 2*x0 + 4*x1**2 + x1 + 4*x2**2 - 2*x2 + 1) contains an element of the set of generators.',)
infeasibility in SOS checker 1/(8*x0**2 + 2*x0 + 4*x1**2 + x1 + 4*x2**2 - 2*x2 + 1) contains an element of the set of generators.
optimisation error ('1/(8*x0**2 + 2*x0 + 4*x1**2 + x1 + 4*x2**2 - 2*x2 + 1) contains an element of the set of generators.',)
infeasibility in SOS checker 1/(8*x0**2 + 2*x0 + 4*x1**2 + x1 + 4*x2**2 - 2*x2 + 1) contains an element of the set of generators.
optimisation error ('1/(8*x0**2 + 2*x0 + 4*x1**2 + x1 + 4*x2**2 - 2*x2 + 1) contains an element of the set of generators.',)
infeasibility in SOS checker 1/(8*x0**2 + 2*x0 + 4*x1**2 + x1 + 4*x2**2 - 2*x2 + 1) contains an element of the set of generators.
optimisation error ('1/(8*x0**2 + 2*x0 + 4*x1**2 + x1 + 4*x2**2 - 2*x2 + 1) contains an element of the set of generators.',)
infeasibility in SOS checker 1/(8*x0**2 + 2*x0 + 4*x1**2 + x1 + 4*x2**2 - 2*x2 + 1) contains an element of the set of generators.
optimisation error ('1/(8*x0**2 + 2*x0 + 4*x1**2 + x1 + 4*x2**2 - 2*x2 + 1) contains an element of the set of generators.',)
infeasibility in SOS checker 1/(8*x0**2 + 2*x0 + 4*x1**2 + x1 + 4*x2**2 - 2*x2 + 1) contains an element of the set of generators.
optimisation error ('1/(8*x0**2 + 2*x0 + 4*x1**2 + x1 + 4*x2**2 - 2*x2 + 1) contains an element of the set of generators.',)
infeasibility in SOS checker 1/(8*x0**2 + 2*x0 + 4*x1**2 + x1 + 4*x2**2 - 2*x2 + 1) contains an element of the set of generators.
optimisation error ('1/(8*x0**2 + 2*x0 + 4*x1**2 + x1 + 4*x2**2 - 2*x2 + 1) contains an element of the set of generators.',)
infeasibility in SOS checker 1/(8*x0**2 + 2*x0 + 4*x1**2 + x1 + 4*x2**2 - 2*x2 + 1) contains an element of the set of generators.
optimisation error ('1/(8*x0**2 + 2*x0 + 4*x1**2 + x1 + 4*x2**2 - 2*x2 + 1) contains an element of the set of generators.',)
infeasibility in SOS checker 1/(8*x0**2 + 2*x0 + 4*x1**2 + x1 + 4*x2**2 - 2*x2 + 1) contains an element of the set of generators.
optimisation error ('1/(8*x0**2 + 2*x0 + 4*x1**2 + x1 + 4*x2**2 - 2*x2 + 1) contains an element of the set of generators.',)
infeasibility in SOS checker 1/(8*x0**2 + 2*x0 + 4*x1**2 + x1 + 4*x2**2 - 2*x2 + 1) contains an element of the set of generators.
optimisation error ('1/(8*x0**2 + 2*x0 + 4*x1**2 + x1 + 4*x2**2 - 2*x2 + 1) contains an element of the set of generators.',)
infeasibility in SOS checker 1/(8*x0**2 + 2*x0 + 4*x1**2 + x1 + 4*x2**2 - 2*x2 + 1) contains an element of the set of generators.
optimisation error ('1/(8*x0**2 + 2*x0 + 4*x1**2 + x1 + 4*x2**2 - 2*x2 + 1) contains an element of the set of generators.',)
infeasibility in SOS checker 1/(8*x0**2 + 2*x0 + 4*x1**2 + x1 + 4*x2**2 - 2*x2 + 1) contains an element of the set of generators.
optimisation error ('1/(8*x0**2 + 2*x0 + 4*x1**2 + x1 + 4*x2**2 - 2*x2 + 1) contains an element of the set of generators.',)
infeasibility in SOS checker 1/(8*x0**2 + 2*x0 + 4*x1**2 + x1 + 4*x2**2 - 2*x2 + 1) contains an element of the set of generators.
optimisation error ('1/(8*x0**2 + 2*x0 + 4*x1**2 + x1 + 4*x2**2 - 2*x2 + 1) contains an element of the set of generators.',)
infeasibility in SOS checker 1/(8*x0**2 + 2*x0 + 4*x1**2 + x1 + 4*x2**2 - 2*x2 + 1) contains an element of the set of generators.
optimisation error ('1/(8*x0**2 + 2*x0 + 4*x1**2 + x1 + 4*x2**2 - 2*x2 + 1) contains an element of the set of generators.',)
infeasibility in SOS checker 1/(8*x0**2 + 2*x0 + 4*x1**2 + x1 + 4*x2**2 - 2*x2 + 1) contains an element of the set of generators.
optimisation error ('1/(8*x0**2 + 2*x0 + 4*x1**2 + x1 + 4*x2**2 - 2*x2 + 1) contains an element of the set of generators.',)
infeasibility in SOS checker 1/(8*x0**2 + 2*x0 + 4*x1**2 + x1 + 4*x2**2 - 2*x2 + 1) contains an element of the set of generators.
optimisation error ('1/(8*x0**2 + 2*x0 + 4*x1**2 + x1 + 4*x2**2 - 2*x2 + 1) contains an element of the set of generators.',)
infeasibility in SOS checker 1/(8*x0**2 + 2*x0 + 4*x1**2 + x1 + 4*x2**2 - 2*x2 + 1) contains an element of the set of generators.
optimisation error ('1/(8*x0**2 + 2*x0 + 4*x1**2 + x1 + 4*x2**2 - 2*x2 + 1) contains an element of the set of generators.',)
infeasibility in SOS checker 1/(8*x0**2 + 2*x0 + 4*x1**2 + x1 + 4*x2**2 - 2*x2 + 1) contains an element of the set of generators.
optimisation error ('1/(8*x0**2 + 2*x0 + 4*x1**2 + x1 + 4*x2**2 - 2*x2 + 1) contains an element of the set of generators.',)
infeasibility in SOS checker 1/(8*x0**2 + 2*x0 + 4*x1**2 + x1 + 4*x2**2 - 2*x2 + 1) contains an element of the set of generators.
optimisation error ('1/(8*x0**2 + 2*x0 + 4*x1**2 + x1 + 4*x2**2 - 2*x2 + 1) contains an element of the set of generators.',)
infeasibility in SOS checker 1/(8*x0**2 + 2*x0 + 4*x1**2 + x1 + 4*x2**2 - 2*x2 + 1) contains an element of the set of generators.
optimisation error ('1/(8*x0**2 + 2*x0 + 4*x1**2 + x1 + 4*x2**2 - 2*x2 + 1) contains an element of the set of generators.',)
infeasibility in SOS checker 1/(8*x0**2 + 2*x0 + 4*x1**2 + x1 + 4*x2**2 - 2*x2 + 1) contains an element of the set of generators.
optimisation error ('1/(8*x0**2 + 2*x0 + 4*x1**2 + x1 + 4*x2**2 - 2*x2 + 1) contains an element of the set of generators.',)
infeasibility in SOS checker 1/(8*x0**2 + 2*x0 + 4*x1**2 + x1 + 4*x2**2 - 2*x2 + 1) contains an element of the set of generators.
optimisation error ('1/(8*x0**2 + 2*x0 + 4*x1**2 + x1 + 4*x2**2 - 2*x2 + 1) contains an element of the set of generators.',)
infeasibility in SOS checker 1/(8*x0**2 + 2*x0 + 4*x1**2 + x1 + 4*x2**2 - 2*x2 + 1) contains an element of the set of generators.
optimisation error ('1/(8*x0**2 + 2*x0 + 4*x1**2 + x1 + 4*x2**2 - 2*x2 + 1) contains an element of the set of generators.',)
infeasibility in SOS checker 1/(8*x0**2 + 2*x0 + 4*x1**2 + x1 + 4*x2**2 - 2*x2 + 1) contains an element of the set of generators.
optimisation error ('1/(8*x0**2 + 2*x0 + 4*x1**2 + x1 + 4*x2**2 - 2*x2 + 1) contains an element of the set of generators.',)
infeasibility in SOS checker 1/(8*x0**2 + 2*x0 + 4*x1**2 + x1 + 4*x2**2 - 2*x2 + 1) contains an element of the set of generators.
optimisation error ('1/(8*x0**2 + 2*x0 + 4*x1**2 + x1 + 4*x2**2 - 2*x2 + 1) contains an element of the set of generators.',)
infeasibility in SOS checker 1/(8*x0**2 + 2*x0 + 4*x1**2 + x1 + 4*x2**2 - 2*x2 + 1) contains an element of the set of generators.
optimisation error ('1/(8*x0**2 + 2*x0 + 4*x1**2 + x1 + 4*x2**2 - 2*x2 + 1) contains an element of the set of generators.',)
infeasibility in SOS checker 1/(8*x0**2 + 2*x0 + 4*x1**2 + x1 + 4*x2**2 - 2*x2 + 1) contains an element of the set of generators.
optimisation error ('1/(8*x0**2 + 2*x0 + 4*x1**2 + x1 + 4*x2**2 - 2*x2 + 1) contains an element of the set of generators.',)
infeasibility in SOS checker 1/(8*x0**2 + 2*x0 + 4*x1**2 + x1 + 4*x2**2 - 2*x2 + 1) contains an element of the set of generators.
optimisation error ('1/(8*x0**2 + 2*x0 + 4*x1**2 + x1 + 4*x2**2 - 2*x2 + 1) contains an element of the set of generators.',)
infeasibility in SOS checker 1/(8*x0**2 + 2*x0 + 4*x1**2 + x1 + 4*x2**2 - 2*x2 + 1) contains an element of the set of generators.
optimisation error ('1/(8*x0**2 + 2*x0 + 4*x1**2 + x1 + 4*x2**2 - 2*x2 + 1) contains an element of the set of generators.',)
infeasibility in SOS checker 1/(8*x0**2 + 2*x0 + 4*x1**2 + x1 + 4*x2**2 - 2*x2 + 1) contains an element of the set of generators.
optimisation error ('1/(8*x0**2 + 2*x0 + 4*x1**2 + x1 + 4*x2**2 - 2*x2 + 1) contains an element of the set of generators.',)
infeasibility in SOS checker 1/(8*x0**2 + 2*x0 + 4*x1**2 + x1 + 4*x2**2 - 2*x2 + 1) contains an element of the set of generators.
optimisation error ('1/(8*x0**2 + 2*x0 + 4*x1**2 + x1 + 4*x2**2 - 2*x2 + 1) contains an element of the set of generators.',)
infeasibility in SOS checker 1/(8*x0**2 + 2*x0 + 4*x1**2 + x1 + 4*x2**2 - 2*x2 + 1) contains an element of the set of generators.
optimisation error ('1/(8*x0**2 + 2*x0 + 4*x1**2 + x1 + 4*x2**2 - 2*x2 + 1) contains an element of the set of generators.',)
infeasibility in SOS checker 1/(8*x0**2 + 2*x0 + 4*x1**2 + x1 + 4*x2**2 - 2*x2 + 1) contains an element of the set of generators.
optimisation error ('1/(8*x0**2 + 2*x0 + 4*x1**2 + x1 + 4*x2**2 - 2*x2 + 1) contains an element of the set of generators.',)
infeasibility in SOS checker 1/(8*x0**2 + 2*x0 + 4*x1**2 + x1 + 4*x2**2 - 2*x2 + 1) contains an element of the set of generators.
optimisation error ('1/(8*x0**2 + 2*x0 + 4*x1**2 + x1 + 4*x2**2 - 2*x2 + 1) contains an element of the set of generators.',)
infeasibility in SOS checker 1/(8*x0**2 + 2*x0 + 4*x1**2 + x1 + 4*x2**2 - 2*x2 + 1) contains an element of the set of generators.
optimisation error ('1/(8*x0**2 + 2*x0 + 4*x1**2 + x1 + 4*x2**2 - 2*x2 + 1) contains an element of the set of generators.',)
infeasibility in SOS checker 1/(8*x0**2 + 2*x0 + 4*x1**2 + x1 + 4*x2**2 - 2*x2 + 1) contains an element of the set of generators.
optimisation error ('1/(8*x0**2 + 2*x0 + 4*x1**2 + x1 + 4*x2**2 - 2*x2 + 1) contains an element of the set of generators.',)
infeasibility in SOS checker 1/(8*x0**2 + 2*x0 + 4*x1**2 + x1 + 4*x2**2 - 2*x2 + 1) contains an element of the set of generators.
optimisation error ('1/(8*x0**2 + 2*x0 + 4*x1**2 + x1 + 4*x2**2 - 2*x2 + 1) contains an element of the set of generators.',)
infeasibility in SOS checker 1/(8*x0**2 + 2*x0 + 4*x1**2 + x1 + 4*x2**2 - 2*x2 + 1) contains an element of the set of generators.
optimisation error ('1/(8*x0**2 + 2*x0 + 4*x1**2 + x1 + 4*x2**2 - 2*x2 + 1) contains an element of the set of generators.',)
infeasibility in SOS checker 1/(8*x0**2 + 2*x0 + 4*x1**2 + x1 + 4*x2**2 - 2*x2 + 1) contains an element of the set of generators.
optimisation error ('1/(8*x0**2 + 2*x0 + 4*x1**2 + x1 + 4*x2**2 - 2*x2 + 1) contains an element of the set of generators.',)
infeasibility in SOS checker 1/(8*x0**2 + 2*x0 + 4*x1**2 + x1 + 4*x2**2 - 2*x2 + 1) contains an element of the set of generators.
optimisation error ('1/(8*x0**2 + 2*x0 + 4*x1**2 + x1 + 4*x2**2 - 2*x2 + 1) contains an element of the set of generators.',)
infeasibility in SOS checker 1/(8*x0**2 + 2*x0 + 4*x1**2 + x1 + 4*x2**2 - 2*x2 + 1) contains an element of the set of generators.
optimisation error ('1/(8*x0**2 + 2*x0 + 4*x1**2 + x1 + 4*x2**2 - 2*x2 + 1) contains an element of the set of generators.',)
infeasibility in SOS checker 1/(8*x0**2 + 2*x0 + 4*x1**2 + x1 + 4*x2**2 - 2*x2 + 1) contains an element of the set of generators.
optimisation error ('1/(8*x0**2 + 2*x0 + 4*x1**2 + x1 + 4*x2**2 - 2*x2 + 1) contains an element of the set of generators.',)
infeasibility in SOS checker 1/(8*x0**2 + 2*x0 + 4*x1**2 + x1 + 4*x2**2 - 2*x2 + 1) contains an element of the set of generators.
optimisation error ('1/(8*x0**2 + 2*x0 + 4*x1**2 + x1 + 4*x2**2 - 2*x2 + 1) contains an element of the set of generators.',)
infeasibility in SOS checker 1/(8*x0**2 + 2*x0 + 4*x1**2 + x1 + 4*x2**2 - 2*x2 + 1) contains an element of the set of generators.
optimisation error ('1/(8*x0**2 + 2*x0 + 4*x1**2 + x1 + 4*x2**2 - 2*x2 + 1) contains an element of the set of generators.',)
infeasibility in SOS checker 1/(8*x0**2 + 2*x0 + 4*x1**2 + x1 + 4*x2**2 - 2*x2 + 1) contains an element of the set of generators.
optimisation error ('1/(8*x0**2 + 2*x0 + 4*x1**2 + x1 + 4*x2**2 - 2*x2 + 1) contains an element of the set of generators.',)
infeasibility in SOS checker 1/(8*x0**2 + 2*x0 + 4*x1**2 + x1 + 4*x2**2 - 2*x2 + 1) contains an element of the set of generators.
optimisation error ('1/(8*x0**2 + 2*x0 + 4*x1**2 + x1 + 4*x2**2 - 2*x2 + 1) contains an element of the set of generators.',)
infeasibility in SOS checker 1/(8*x0**2 + 2*x0 + 4*x1**2 + x1 + 4*x2**2 - 2*x2 + 1) contains an element of the set of generators.
optimisation error ('1/(8*x0**2 + 2*x0 + 4*x1**2 + x1 + 4*x2**2 - 2*x2 + 1) contains an element of the set of generators.',)
infeasibility in SOS checker 1/(8*x0**2 + 2*x0 + 4*x1**2 + x1 + 4*x2**2 - 2*x2 + 1) contains an element of the set of generators.
optimisation error ('1/(8*x0**2 + 2*x0 + 4*x1**2 + x1 + 4*x2**2 - 2*x2 + 1) contains an element of the set of generators.',)
infeasibility in SOS checker 1/(8*x0**2 + 2*x0 + 4*x1**2 + x1 + 4*x2**2 - 2*x2 + 1) contains an element of the set of generators.
optimisation error ('1/(8*x0**2 + 2*x0 + 4*x1**2 + x1 + 4*x2**2 - 2*x2 + 1) contains an element of the set of generators.',)
infeasibility in SOS checker 1/(8*x0**2 + 2*x0 + 4*x1**2 + x1 + 4*x2**2 - 2*x2 + 1) contains an element of the set of generators.
optimisation error ('1/(8*x0**2 + 2*x0 + 4*x1**2 + x1 + 4*x2**2 - 2*x2 + 1) contains an element of the set of generators.',)
infeasibility in SOS checker 1/(8*x0**2 + 2*x0 + 4*x1**2 + x1 + 4*x2**2 - 2*x2 + 1) contains an element of the set of generators.
optimisation error ('1/(8*x0**2 + 2*x0 + 4*x1**2 + x1 + 4*x2**2 - 2*x2 + 1) contains an element of the set of generators.',)
infeasibility in SOS checker 1/(8*x0**2 + 2*x0 + 4*x1**2 + x1 + 4*x2**2 - 2*x2 + 1) contains an element of the set of generators.
optimisation error ('1/(8*x0**2 + 2*x0 + 4*x1**2 + x1 + 4*x2**2 - 2*x2 + 1) contains an element of the set of generators.',)
infeasibility in SOS checker 1/(8*x0**2 + 2*x0 + 4*x1**2 + x1 + 4*x2**2 - 2*x2 + 1) contains an element of the set of generators.
optimisation error ('1/(8*x0**2 + 2*x0 + 4*x1**2 + x1 + 4*x2**2 - 2*x2 + 1) contains an element of the set of generators.',)
infeasibility in SOS checker 1/(8*x0**2 + 2*x0 + 4*x1**2 + x1 + 4*x2**2 - 2*x2 + 1) contains an element of the set of generators.
optimisation error ('1/(8*x0**2 + 2*x0 + 4*x1**2 + x1 + 4*x2**2 - 2*x2 + 1) contains an element of the set of generators.',)
infeasibility in SOS checker 1/(8*x0**2 + 2*x0 + 4*x1**2 + x1 + 4*x2**2 - 2*x2 + 1) contains an element of the set of generators.
optimisation error ('1/(8*x0**2 + 2*x0 + 4*x1**2 + x1 + 4*x2**2 - 2*x2 + 1) contains an element of the set of generators.',)
infeasibility in SOS checker 1/(8*x0**2 + 2*x0 + 4*x1**2 + x1 + 4*x2**2 - 2*x2 + 1) contains an element of the set of generators.
optimisation error ('1/(8*x0**2 + 2*x0 + 4*x1**2 + x1 + 4*x2**2 - 2*x2 + 1) contains an element of the set of generators.',)
infeasibility in SOS checker 1/(8*x0**2 + 2*x0 + 4*x1**2 + x1 + 4*x2**2 - 2*x2 + 1) contains an element of the set of generators.
optimisation error ('1/(8*x0**2 + 2*x0 + 4*x1**2 + x1 + 4*x2**2 - 2*x2 + 1) contains an element of the set of generators.',)
infeasibility in SOS checker 1/(8*x0**2 + 2*x0 + 4*x1**2 + x1 + 4*x2**2 - 2*x2 + 1) contains an element of the set of generators.
optimisation error ('1/(8*x0**2 + 2*x0 + 4*x1**2 + x1 + 4*x2**2 - 2*x2 + 1) contains an element of the set of generators.',)
infeasibility in SOS checker 1/(8*x0**2 + 2*x0 + 4*x1**2 + x1 + 4*x2**2 - 2*x2 + 1) contains an element of the set of generators.
optimisation error ('1/(8*x0**2 + 2*x0 + 4*x1**2 + x1 + 4*x2**2 - 2*x2 + 1) contains an element of the set of generators.',)
infeasibility in SOS checker 1/(8*x0**2 + 2*x0 + 4*x1**2 + x1 + 4*x2**2 - 2*x2 + 1) contains an element of the set of generators.
optimisation error ('1/(8*x0**2 + 2*x0 + 4*x1**2 + x1 + 4*x2**2 - 2*x2 + 1) contains an element of the set of generators.',)
infeasibility in SOS checker 1/(8*x0**2 + 2*x0 + 4*x1**2 + x1 + 4*x2**2 - 2*x2 + 1) contains an element of the set of generators.
optimisation error ('1/(8*x0**2 + 2*x0 + 4*x1**2 + x1 + 4*x2**2 - 2*x2 + 1) contains an element of the set of generators.',)
infeasibility in SOS checker 1/(8*x0**2 + 2*x0 + 4*x1**2 + x1 + 4*x2**2 - 2*x2 + 1) contains an element of the set of generators.
optimisation error ('1/(8*x0**2 + 2*x0 + 4*x1**2 + x1 + 4*x2**2 - 2*x2 + 1) contains an element of the set of generators.',)
infeasibility in SOS checker 1/(8*x0**2 + 2*x0 + 4*x1**2 + x1 + 4*x2**2 - 2*x2 + 1) contains an element of the set of generators.
optimisation error ('1/(8*x0**2 + 2*x0 + 4*x1**2 + x1 + 4*x2**2 - 2*x2 + 1) contains an element of the set of generators.',)
infeasibility in SOS checker 1/(8*x0**2 + 2*x0 + 4*x1**2 + x1 + 4*x2**2 - 2*x2 + 1) contains an element of the set of generators.
optimisation error ('1/(8*x0**2 + 2*x0 + 4*x1**2 + x1 + 4*x2**2 - 2*x2 + 1) contains an element of the set of generators.',)
infeasibility in SOS checker 1/(8*x0**2 + 2*x0 + 4*x1**2 + x1 + 4*x2**2 - 2*x2 + 1) contains an element of the set of generators.
optimisation error ('1/(8*x0**2 + 2*x0 + 4*x1**2 + x1 + 4*x2**2 - 2*x2 + 1) contains an element of the set of generators.',)
infeasibility in SOS checker 1/(8*x0**2 + 2*x0 + 4*x1**2 + x1 + 4*x2**2 - 2*x2 + 1) contains an element of the set of generators.
optimisation error ('1/(8*x0**2 + 2*x0 + 4*x1**2 + x1 + 4*x2**2 - 2*x2 + 1) contains an element of the set of generators.',)
infeasibility in SOS checker 1/(8*x0**2 + 2*x0 + 4*x1**2 + x1 + 4*x2**2 - 2*x2 + 1) contains an element of the set of generators.
optimisation error ('1/(8*x0**2 + 2*x0 + 4*x1**2 + x1 + 4*x2**2 - 2*x2 + 1) contains an element of the set of generators.',)
infeasibility in SOS checker 1/(8*x0**2 + 2*x0 + 4*x1**2 + x1 + 4*x2**2 - 2*x2 + 1) contains an element of the set of generators.
optimisation error ('1/(8*x0**2 + 2*x0 + 4*x1**2 + x1 + 4*x2**2 - 2*x2 + 1) contains an element of the set of generators.',)
infeasibility in SOS checker 1/(8*x0**2 + 2*x0 + 4*x1**2 + x1 + 4*x2**2 - 2*x2 + 1) contains an element of the set of generators.
optimisation error ('1/(8*x0**2 + 2*x0 + 4*x1**2 + x1 + 4*x2**2 - 2*x2 + 1) contains an element of the set of generators.',)
infeasibility in SOS checker 1/(8*x0**2 + 2*x0 + 4*x1**2 + x1 + 4*x2**2 - 2*x2 + 1) contains an element of the set of generators.
optimisation error ('1/(8*x0**2 + 2*x0 + 4*x1**2 + x1 + 4*x2**2 - 2*x2 + 1) contains an element of the set of generators.',)
infeasibility in SOS checker 1/(8*x0**2 + 2*x0 + 4*x1**2 + x1 + 4*x2**2 - 2*x2 + 1) contains an element of the set of generators.
optimisation error ('1/(8*x0**2 + 2*x0 + 4*x1**2 + x1 + 4*x2**2 - 2*x2 + 1) contains an element of the set of generators.',)
infeasibility in SOS checker 1/(8*x0**2 + 2*x0 + 4*x1**2 + x1 + 4*x2**2 - 2*x2 + 1) contains an element of the set of generators.
optimisation error ('1/(8*x0**2 + 2*x0 + 4*x1**2 + x1 + 4*x2**2 - 2*x2 + 1) contains an element of the set of generators.',)
infeasibility in SOS checker 1/(8*x0**2 + 2*x0 + 4*x1**2 + x1 + 4*x2**2 - 2*x2 + 1) contains an element of the set of generators.
optimisation error ('1/(8*x0**2 + 2*x0 + 4*x1**2 + x1 + 4*x2**2 - 2*x2 + 1) contains an element of the set of generators.',)
infeasibility in SOS checker 1/(8*x0**2 + 2*x0 + 4*x1**2 + x1 + 4*x2**2 - 2*x2 + 1) contains an element of the set of generators.
optimisation error ('1/(8*x0**2 + 2*x0 + 4*x1**2 + x1 + 4*x2**2 - 2*x2 + 1) contains an element of the set of generators.',)
infeasibility in SOS checker 1/(8*x0**2 + 2*x0 + 4*x1**2 + x1 + 4*x2**2 - 2*x2 + 1) contains an element of the set of generators.
optimisation error ('1/(8*x0**2 + 2*x0 + 4*x1**2 + x1 + 4*x2**2 - 2*x2 + 1) contains an element of the set of generators.',)
infeasibility in SOS checker 1/(8*x0**2 + 2*x0 + 4*x1**2 + x1 + 4*x2**2 - 2*x2 + 1) contains an element of the set of generators.
optimisation error ('1/(8*x0**2 + 2*x0 + 4*x1**2 + x1 + 4*x2**2 - 2*x2 + 1) contains an element of the set of generators.',)
infeasibility in SOS checker 1/(8*x0**2 + 2*x0 + 4*x1**2 + x1 + 4*x2**2 - 2*x2 + 1) contains an element of the set of generators.
optimisation error ('1/(8*x0**2 + 2*x0 + 4*x1**2 + x1 + 4*x2**2 - 2*x2 + 1) contains an element of the set of generators.',)
infeasibility in SOS checker 1/(8*x0**2 + 2*x0 + 4*x1**2 + x1 + 4*x2**2 - 2*x2 + 1) contains an element of the set of generators.
optimisation error ('1/(8*x0**2 + 2*x0 + 4*x1**2 + x1 + 4*x2**2 - 2*x2 + 1) contains an element of the set of generators.',)
infeasibility in SOS checker 1/(8*x0**2 + 2*x0 + 4*x1**2 + x1 + 4*x2**2 - 2*x2 + 1) contains an element of the set of generators.
optimisation error ('1/(8*x0**2 + 2*x0 + 4*x1**2 + x1 + 4*x2**2 - 2*x2 + 1) contains an element of the set of generators.',)
infeasibility in SOS checker 1/(8*x0**2 + 2*x0 + 4*x1**2 + x1 + 4*x2**2 - 2*x2 + 1) contains an element of the set of generators.
optimisation error ('1/(8*x0**2 + 2*x0 + 4*x1**2 + x1 + 4*x2**2 - 2*x2 + 1) contains an element of the set of generators.',)
infeasibility in SOS checker 1/(8*x0**2 + 2*x0 + 4*x1**2 + x1 + 4*x2**2 - 2*x2 + 1) contains an element of the set of generators.
optimisation error ('1/(8*x0**2 + 2*x0 + 4*x1**2 + x1 + 4*x2**2 - 2*x2 + 1) contains an element of the set of generators.',)
infeasibility in SOS checker 1/(8*x0**2 + 2*x0 + 4*x1**2 + x1 + 4*x2**2 - 2*x2 + 1) contains an element of the set of generators.
optimisation error ('1/(8*x0**2 + 2*x0 + 4*x1**2 + x1 + 4*x2**2 - 2*x2 + 1) contains an element of the set of generators.',)
infeasibility in SOS checker 1/(8*x0**2 + 2*x0 + 4*x1**2 + x1 + 4*x2**2 - 2*x2 + 1) contains an element of the set of generators.
optimisation error ('1/(8*x0**2 + 2*x0 + 4*x1**2 + x1 + 4*x2**2 - 2*x2 + 1) contains an element of the set of generators.',)
infeasibility in SOS checker 1/(8*x0**2 + 2*x0 + 4*x1**2 + x1 + 4*x2**2 - 2*x2 + 1) contains an element of the set of generators.
optimisation error ('1/(8*x0**2 + 2*x0 + 4*x1**2 + x1 + 4*x2**2 - 2*x2 + 1) contains an element of the set of generators.',)
infeasibility in SOS checker 1/(8*x0**2 + 2*x0 + 4*x1**2 + x1 + 4*x2**2 - 2*x2 + 1) contains an element of the set of generators.
optimisation error ('1/(8*x0**2 + 2*x0 + 4*x1**2 + x1 + 4*x2**2 - 2*x2 + 1) contains an element of the set of generators.',)
infeasibility in SOS checker 1/(8*x0**2 + 2*x0 + 4*x1**2 + x1 + 4*x2**2 - 2*x2 + 1) contains an element of the set of generators.
optimisation error ('1/(8*x0**2 + 2*x0 + 4*x1**2 + x1 + 4*x2**2 - 2*x2 + 1) contains an element of the set of generators.',)
infeasibility in SOS checker 1/(8*x0**2 + 2*x0 + 4*x1**2 + x1 + 4*x2**2 - 2*x2 + 1) contains an element of the set of generators.
optimisation error ('1/(8*x0**2 + 2*x0 + 4*x1**2 + x1 + 4*x2**2 - 2*x2 + 1) contains an element of the set of generators.',)
infeasibility in SOS checker 1/(8*x0**2 + 2*x0 + 4*x1**2 + x1 + 4*x2**2 - 2*x2 + 1) contains an element of the set of generators.
optimisation error ('1/(8*x0**2 + 2*x0 + 4*x1**2 + x1 + 4*x2**2 - 2*x2 + 1) contains an element of the set of generators.',)
infeasibility in SOS checker 1/(8*x0**2 + 2*x0 + 4*x1**2 + x1 + 4*x2**2 - 2*x2 + 1) contains an element of the set of generators.
optimisation error ('1/(8*x0**2 + 2*x0 + 4*x1**2 + x1 + 4*x2**2 - 2*x2 + 1) contains an element of the set of generators.',)
infeasibility in SOS checker 1/(8*x0**2 + 2*x0 + 4*x1**2 + x1 + 4*x2**2 - 2*x2 + 1) contains an element of the set of generators.
optimisation error ('1/(8*x0**2 + 2*x0 + 4*x1**2 + x1 + 4*x2**2 - 2*x2 + 1) contains an element of the set of generators.',)
infeasibility in SOS checker 1/(8*x0**2 + 2*x0 + 4*x1**2 + x1 + 4*x2**2 - 2*x2 + 1) contains an element of the set of generators.
optimisation error ('1/(8*x0**2 + 2*x0 + 4*x1**2 + x1 + 4*x2**2 - 2*x2 + 1) contains an element of the set of generators.',)
infeasibility in SOS checker 1/(8*x0**2 + 2*x0 + 4*x1**2 + x1 + 4*x2**2 - 2*x2 + 1) contains an element of the set of generators.
optimisation error ('1/(8*x0**2 + 2*x0 + 4*x1**2 + x1 + 4*x2**2 - 2*x2 + 1) contains an element of the set of generators.',)
infeasibility in SOS checker 1/(8*x0**2 + 2*x0 + 4*x1**2 + x1 + 4*x2**2 - 2*x2 + 1) contains an element of the set of generators.
optimisation error ('1/(8*x0**2 + 2*x0 + 4*x1**2 + x1 + 4*x2**2 - 2*x2 + 1) contains an element of the set of generators.',)
infeasibility in SOS checker 1/(8*x0**2 + 2*x0 + 4*x1**2 + x1 + 4*x2**2 - 2*x2 + 1) contains an element of the set of generators.
optimisation error ('1/(8*x0**2 + 2*x0 + 4*x1**2 + x1 + 4*x2**2 - 2*x2 + 1) contains an element of the set of generators.',)
infeasibility in SOS checker 1/(8*x0**2 + 2*x0 + 4*x1**2 + x1 + 4*x2**2 - 2*x2 + 1) contains an element of the set of generators.
optimisation error ('1/(8*x0**2 + 2*x0 + 4*x1**2 + x1 + 4*x2**2 - 2*x2 + 1) contains an element of the set of generators.',)
infeasibility in SOS checker 1/(8*x0**2 + 2*x0 + 4*x1**2 + x1 + 4*x2**2 - 2*x2 + 1) contains an element of the set of generators.
optimisation error ('1/(8*x0**2 + 2*x0 + 4*x1**2 + x1 + 4*x2**2 - 2*x2 + 1) contains an element of the set of generators.',)
infeasibility in SOS checker 1/(8*x0**2 + 2*x0 + 4*x1**2 + x1 + 4*x2**2 - 2*x2 + 1) contains an element of the set of generators.
optimisation error ('1/(8*x0**2 + 2*x0 + 4*x1**2 + x1 + 4*x2**2 - 2*x2 + 1) contains an element of the set of generators.',)
infeasibility in SOS checker 1/(8*x0**2 + 2*x0 + 4*x1**2 + x1 + 4*x2**2 - 2*x2 + 1) contains an element of the set of generators.
optimisation error ('1/(8*x0**2 + 2*x0 + 4*x1**2 + x1 + 4*x2**2 - 2*x2 + 1) contains an element of the set of generators.',)
infeasibility in SOS checker 1/(8*x0**2 + 2*x0 + 4*x1**2 + x1 + 4*x2**2 - 2*x2 + 1) contains an element of the set of generators.
optimisation error ('1/(8*x0**2 + 2*x0 + 4*x1**2 + x1 + 4*x2**2 - 2*x2 + 1) contains an element of the set of generators.',)
infeasibility in SOS checker 1/(8*x0**2 + 2*x0 + 4*x1**2 + x1 + 4*x2**2 - 2*x2 + 1) contains an element of the set of generators.
optimisation error ('1/(8*x0**2 + 2*x0 + 4*x1**2 + x1 + 4*x2**2 - 2*x2 + 1) contains an element of the set of generators.',)
infeasibility in SOS checker 1/(8*x0**2 + 2*x0 + 4*x1**2 + x1 + 4*x2**2 - 2*x2 + 1) contains an element of the set of generators.
optimisation error ('1/(8*x0**2 + 2*x0 + 4*x1**2 + x1 + 4*x2**2 - 2*x2 + 1) contains an element of the set of generators.',)
infeasibility in SOS checker 1/(8*x0**2 + 2*x0 + 4*x1**2 + x1 + 4*x2**2 - 2*x2 + 1) contains an element of the set of generators.
optimisation error ('1/(8*x0**2 + 2*x0 + 4*x1**2 + x1 + 4*x2**2 - 2*x2 + 1) contains an element of the set of generators.',)
infeasibility in SOS checker 1/(8*x0**2 + 2*x0 + 4*x1**2 + x1 + 4*x2**2 - 2*x2 + 1) contains an element of the set of generators.
optimisation error ('1/(8*x0**2 + 2*x0 + 4*x1**2 + x1 + 4*x2**2 - 2*x2 + 1) contains an element of the set of generators.',)
infeasibility in SOS checker 1/(8*x0**2 + 2*x0 + 4*x1**2 + x1 + 4*x2**2 - 2*x2 + 1) contains an element of the set of generators.
optimisation error ('1/(8*x0**2 + 2*x0 + 4*x1**2 + x1 + 4*x2**2 - 2*x2 + 1) contains an element of the set of generators.',)
infeasibility in SOS checker 1/(8*x0**2 + 2*x0 + 4*x1**2 + x1 + 4*x2**2 - 2*x2 + 1) contains an element of the set of generators.
optimisation error ('1/(8*x0**2 + 2*x0 + 4*x1**2 + x1 + 4*x2**2 - 2*x2 + 1) contains an element of the set of generators.',)
infeasibility in SOS checker 1/(8*x0**2 + 2*x0 + 4*x1**2 + x1 + 4*x2**2 - 2*x2 + 1) contains an element of the set of generators.
optimisation error ('1/(8*x0**2 + 2*x0 + 4*x1**2 + x1 + 4*x2**2 - 2*x2 + 1) contains an element of the set of generators.',)
infeasibility in SOS checker 1/(8*x0**2 + 2*x0 + 4*x1**2 + x1 + 4*x2**2 - 2*x2 + 1) contains an element of the set of generators.
optimisation error ('1/(8*x0**2 + 2*x0 + 4*x1**2 + x1 + 4*x2**2 - 2*x2 + 1) contains an element of the set of generators.',)
infeasibility in SOS checker 1/(8*x0**2 + 2*x0 + 4*x1**2 + x1 + 4*x2**2 - 2*x2 + 1) contains an element of the set of generators.
optimisation error ('1/(8*x0**2 + 2*x0 + 4*x1**2 + x1 + 4*x2**2 - 2*x2 + 1) contains an element of the set of generators.',)
infeasibility in SOS checker 1/(8*x0**2 + 2*x0 + 4*x1**2 + x1 + 4*x2**2 - 2*x2 + 1) contains an element of the set of generators.
optimisation error ('1/(8*x0**2 + 2*x0 + 4*x1**2 + x1 + 4*x2**2 - 2*x2 + 1) contains an element of the set of generators.',)
infeasibility in SOS checker 1/(8*x0**2 + 2*x0 + 4*x1**2 + x1 + 4*x2**2 - 2*x2 + 1) contains an element of the set of generators.
optimisation error ('1/(8*x0**2 + 2*x0 + 4*x1**2 + x1 + 4*x2**2 - 2*x2 + 1) contains an element of the set of generators.',)
infeasibility in SOS checker 1/(8*x0**2 + 2*x0 + 4*x1**2 + x1 + 4*x2**2 - 2*x2 + 1) contains an element of the set of generators.
optimisation error ('1/(8*x0**2 + 2*x0 + 4*x1**2 + x1 + 4*x2**2 - 2*x2 + 1) contains an element of the set of generators.',)
infeasibility in SOS checker 1/(8*x0**2 + 2*x0 + 4*x1**2 + x1 + 4*x2**2 - 2*x2 + 1) contains an element of the set of generators.
optimisation error ('1/(8*x0**2 + 2*x0 + 4*x1**2 + x1 + 4*x2**2 - 2*x2 + 1) contains an element of the set of generators.',)
infeasibility in SOS checker 1/(8*x0**2 + 2*x0 + 4*x1**2 + x1 + 4*x2**2 - 2*x2 + 1) contains an element of the set of generators.
optimisation error ('1/(8*x0**2 + 2*x0 + 4*x1**2 + x1 + 4*x2**2 - 2*x2 + 1) contains an element of the set of generators.',)
infeasibility in SOS checker 1/(8*x0**2 + 2*x0 + 4*x1**2 + x1 + 4*x2**2 - 2*x2 + 1) contains an element of the set of generators.
optimisation error ('1/(8*x0**2 + 2*x0 + 4*x1**2 + x1 + 4*x2**2 - 2*x2 + 1) contains an element of the set of generators.',)
infeasibility in SOS checker 1/(8*x0**2 + 2*x0 + 4*x1**2 + x1 + 4*x2**2 - 2*x2 + 1) contains an element of the set of generators.
optimisation error ('1/(8*x0**2 + 2*x0 + 4*x1**2 + x1 + 4*x2**2 - 2*x2 + 1) contains an element of the set of generators.',)
infeasibility in SOS checker 1/(8*x0**2 + 2*x0 + 4*x1**2 + x1 + 4*x2**2 - 2*x2 + 1) contains an element of the set of generators.
optimisation error ('1/(8*x0**2 + 2*x0 + 4*x1**2 + x1 + 4*x2**2 - 2*x2 + 1) contains an element of the set of generators.',)
infeasibility in SOS checker 1/(8*x0**2 + 2*x0 + 4*x1**2 + x1 + 4*x2**2 - 2*x2 + 1) contains an element of the set of generators.
optimisation error ('1/(8*x0**2 + 2*x0 + 4*x1**2 + x1 + 4*x2**2 - 2*x2 + 1) contains an element of the set of generators.',)
infeasibility in SOS checker 1/(8*x0**2 + 2*x0 + 4*x1**2 + x1 + 4*x2**2 - 2*x2 + 1) contains an element of the set of generators.
optimisation error ('1/(8*x0**2 + 2*x0 + 4*x1**2 + x1 + 4*x2**2 - 2*x2 + 1) contains an element of the set of generators.',)
infeasibility in SOS checker 1/(8*x0**2 + 2*x0 + 4*x1**2 + x1 + 4*x2**2 - 2*x2 + 1) contains an element of the set of generators.
optimisation error ('1/(8*x0**2 + 2*x0 + 4*x1**2 + x1 + 4*x2**2 - 2*x2 + 1) contains an element of the set of generators.',)
infeasibility in SOS checker 1/(8*x0**2 + 2*x0 + 4*x1**2 + x1 + 4*x2**2 - 2*x2 + 1) contains an element of the set of generators.
optimisation error ('1/(8*x0**2 + 2*x0 + 4*x1**2 + x1 + 4*x2**2 - 2*x2 + 1) contains an element of the set of generators.',)
infeasibility in SOS checker 1/(8*x0**2 + 2*x0 + 4*x1**2 + x1 + 4*x2**2 - 2*x2 + 1) contains an element of the set of generators.
optimisation error ('1/(8*x0**2 + 2*x0 + 4*x1**2 + x1 + 4*x2**2 - 2*x2 + 1) contains an element of the set of generators.',)
infeasibility in SOS checker 1/(8*x0**2 + 2*x0 + 4*x1**2 + x1 + 4*x2**2 - 2*x2 + 1) contains an element of the set of generators.
optimisation error ('1/(8*x0**2 + 2*x0 + 4*x1**2 + x1 + 4*x2**2 - 2*x2 + 1) contains an element of the set of generators.',)
infeasibility in SOS checker 1/(8*x0**2 + 2*x0 + 4*x1**2 + x1 + 4*x2**2 - 2*x2 + 1) contains an element of the set of generators.
optimisation error ('1/(8*x0**2 + 2*x0 + 4*x1**2 + x1 + 4*x2**2 - 2*x2 + 1) contains an element of the set of generators.',)
infeasibility in SOS checker 1/(8*x0**2 + 2*x0 + 4*x1**2 + x1 + 4*x2**2 - 2*x2 + 1) contains an element of the set of generators.
optimisation error ('1/(8*x0**2 + 2*x0 + 4*x1**2 + x1 + 4*x2**2 - 2*x2 + 1) contains an element of the set of generators.',)
infeasibility in SOS checker 1/(8*x0**2 + 2*x0 + 4*x1**2 + x1 + 4*x2**2 - 2*x2 + 1) contains an element of the set of generators.
optimisation error ('1/(8*x0**2 + 2*x0 + 4*x1**2 + x1 + 4*x2**2 - 2*x2 + 1) contains an element of the set of generators.',)
infeasibility in SOS checker 1/(8*x0**2 + 2*x0 + 4*x1**2 + x1 + 4*x2**2 - 2*x2 + 1) contains an element of the set of generators.
optimisation error ('1/(8*x0**2 + 2*x0 + 4*x1**2 + x1 + 4*x2**2 - 2*x2 + 1) contains an element of the set of generators.',)
infeasibility in SOS checker 1/(8*x0**2 + 2*x0 + 4*x1**2 + x1 + 4*x2**2 - 2*x2 + 1) contains an element of the set of generators.
optimisation error ('1/(8*x0**2 + 2*x0 + 4*x1**2 + x1 + 4*x2**2 - 2*x2 + 1) contains an element of the set of generators.',)
infeasibility in SOS checker 1/(8*x0**2 + 2*x0 + 4*x1**2 + x1 + 4*x2**2 - 2*x2 + 1) contains an element of the set of generators.
optimisation error ('1/(8*x0**2 + 2*x0 + 4*x1**2 + x1 + 4*x2**2 - 2*x2 + 1) contains an element of the set of generators.',)
infeasibility in SOS checker 1/(8*x0**2 + 2*x0 + 4*x1**2 + x1 + 4*x2**2 - 2*x2 + 1) contains an element of the set of generators.
optimisation error ('1/(8*x0**2 + 2*x0 + 4*x1**2 + x1 + 4*x2**2 - 2*x2 + 1) contains an element of the set of generators.',)
infeasibility in SOS checker 1/(8*x0**2 + 2*x0 + 4*x1**2 + x1 + 4*x2**2 - 2*x2 + 1) contains an element of the set of generators.
optimisation error ('1/(8*x0**2 + 2*x0 + 4*x1**2 + x1 + 4*x2**2 - 2*x2 + 1) contains an element of the set of generators.',)
infeasibility in SOS checker 1/(8*x0**2 + 2*x0 + 4*x1**2 + x1 + 4*x2**2 - 2*x2 + 1) contains an element of the set of generators.
optimisation error ('1/(8*x0**2 + 2*x0 + 4*x1**2 + x1 + 4*x2**2 - 2*x2 + 1) contains an element of the set of generators.',)
infeasibility in SOS checker 1/(8*x0**2 + 2*x0 + 4*x1**2 + x1 + 4*x2**2 - 2*x2 + 1) contains an element of the set of generators.
optimisation error ('1/(8*x0**2 + 2*x0 + 4*x1**2 + x1 + 4*x2**2 - 2*x2 + 1) contains an element of the set of generators.',)
infeasibility in SOS checker 1/(8*x0**2 + 2*x0 + 4*x1**2 + x1 + 4*x2**2 - 2*x2 + 1) contains an element of the set of generators.
optimisation error ('1/(8*x0**2 + 2*x0 + 4*x1**2 + x1 + 4*x2**2 - 2*x2 + 1) contains an element of the set of generators.',)
infeasibility in SOS checker 1/(8*x0**2 + 2*x0 + 4*x1**2 + x1 + 4*x2**2 - 2*x2 + 1) contains an element of the set of generators.
optimisation error ('1/(8*x0**2 + 2*x0 + 4*x1**2 + x1 + 4*x2**2 - 2*x2 + 1) contains an element of the set of generators.',)
infeasibility in SOS checker 1/(8*x0**2 + 2*x0 + 4*x1**2 + x1 + 4*x2**2 - 2*x2 + 1) contains an element of the set of generators.
optimisation error ('1/(8*x0**2 + 2*x0 + 4*x1**2 + x1 + 4*x2**2 - 2*x2 + 1) contains an element of the set of generators.',)
infeasibility in SOS checker 1/(8*x0**2 + 2*x0 + 4*x1**2 + x1 + 4*x2**2 - 2*x2 + 1) contains an element of the set of generators.
optimisation error ('1/(8*x0**2 + 2*x0 + 4*x1**2 + x1 + 4*x2**2 - 2*x2 + 1) contains an element of the set of generators.',)
infeasibility in SOS checker 1/(8*x0**2 + 2*x0 + 4*x1**2 + x1 + 4*x2**2 - 2*x2 + 1) contains an element of the set of generators.
optimisation error ('1/(8*x0**2 + 2*x0 + 4*x1**2 + x1 + 4*x2**2 - 2*x2 + 1) contains an element of the set of generators.',)
infeasibility in SOS checker 1/(8*x0**2 + 2*x0 + 4*x1**2 + x1 + 4*x2**2 - 2*x2 + 1) contains an element of the set of generators.
optimisation error ('1/(8*x0**2 + 2*x0 + 4*x1**2 + x1 + 4*x2**2 - 2*x2 + 1) contains an element of the set of generators.',)
infeasibility in SOS checker 1/(8*x0**2 + 2*x0 + 4*x1**2 + x1 + 4*x2**2 - 2*x2 + 1) contains an element of the set of generators.
optimisation error ('1/(8*x0**2 + 2*x0 + 4*x1**2 + x1 + 4*x2**2 - 2*x2 + 1) contains an element of the set of generators.',)
infeasibility in SOS checker 1/(8*x0**2 + 2*x0 + 4*x1**2 + x1 + 4*x2**2 - 2*x2 + 1) contains an element of the set of generators.
optimisation error ('1/(8*x0**2 + 2*x0 + 4*x1**2 + x1 + 4*x2**2 - 2*x2 + 1) contains an element of the set of generators.',)
infeasibility in SOS checker 1/(8*x0**2 + 2*x0 + 4*x1**2 + x1 + 4*x2**2 - 2*x2 + 1) contains an element of the set of generators.
optimisation error ('1/(8*x0**2 + 2*x0 + 4*x1**2 + x1 + 4*x2**2 - 2*x2 + 1) contains an element of the set of generators.',)
infeasibility in SOS checker 1/(8*x0**2 + 2*x0 + 4*x1**2 + x1 + 4*x2**2 - 2*x2 + 1) contains an element of the set of generators.
optimisation error ('1/(8*x0**2 + 2*x0 + 4*x1**2 + x1 + 4*x2**2 - 2*x2 + 1) contains an element of the set of generators.',)
infeasibility in SOS checker 1/(8*x0**2 + 2*x0 + 4*x1**2 + x1 + 4*x2**2 - 2*x2 + 1) contains an element of the set of generators.
optimisation error ('1/(8*x0**2 + 2*x0 + 4*x1**2 + x1 + 4*x2**2 - 2*x2 + 1) contains an element of the set of generators.',)
infeasibility in SOS checker 1/(8*x0**2 + 2*x0 + 4*x1**2 + x1 + 4*x2**2 - 2*x2 + 1) contains an element of the set of generators.
optimisation error ('1/(8*x0**2 + 2*x0 + 4*x1**2 + x1 + 4*x2**2 - 2*x2 + 1) contains an element of the set of generators.',)
infeasibility in SOS checker 1/(8*x0**2 + 2*x0 + 4*x1**2 + x1 + 4*x2**2 - 2*x2 + 1) contains an element of the set of generators.
optimisation error ('1/(8*x0**2 + 2*x0 + 4*x1**2 + x1 + 4*x2**2 - 2*x2 + 1) contains an element of the set of generators.',)
infeasibility in SOS checker 1/(8*x0**2 + 2*x0 + 4*x1**2 + x1 + 4*x2**2 - 2*x2 + 1) contains an element of the set of generators.
optimisation error ('1/(8*x0**2 + 2*x0 + 4*x1**2 + x1 + 4*x2**2 - 2*x2 + 1) contains an element of the set of generators.',)
infeasibility in SOS checker 1/(8*x0**2 + 2*x0 + 4*x1**2 + x1 + 4*x2**2 - 2*x2 + 1) contains an element of the set of generators.
optimisation error ('1/(8*x0**2 + 2*x0 + 4*x1**2 + x1 + 4*x2**2 - 2*x2 + 1) contains an element of the set of generators.',)
infeasibility in SOS checker 1/(8*x0**2 + 2*x0 + 4*x1**2 + x1 + 4*x2**2 - 2*x2 + 1) contains an element of the set of generators.
optimisation error ('1/(8*x0**2 + 2*x0 + 4*x1**2 + x1 + 4*x2**2 - 2*x2 + 1) contains an element of the set of generators.',)
infeasibility in SOS checker 1/(8*x0**2 + 2*x0 + 4*x1**2 + x1 + 4*x2**2 - 2*x2 + 1) contains an element of the set of generators.
optimisation error ('1/(8*x0**2 + 2*x0 + 4*x1**2 + x1 + 4*x2**2 - 2*x2 + 1) contains an element of the set of generators.',)
infeasibility in SOS checker 1/(8*x0**2 + 2*x0 + 4*x1**2 + x1 + 4*x2**2 - 2*x2 + 1) contains an element of the set of generators.
optimisation error ('1/(8*x0**2 + 2*x0 + 4*x1**2 + x1 + 4*x2**2 - 2*x2 + 1) contains an element of the set of generators.',)
infeasibility in SOS checker 1/(8*x0**2 + 2*x0 + 4*x1**2 + x1 + 4*x2**2 - 2*x2 + 1) contains an element of the set of generators.
optimisation error ('1/(8*x0**2 + 2*x0 + 4*x1**2 + x1 + 4*x2**2 - 2*x2 + 1) contains an element of the set of generators.',)
