======== Slurm Job started on gpu14.barkla2.liv.alces.network ========
SLURM job: True
0 - SLURM_JOB_ID: 2704872
0 - SLURM_JOB_NODELIST: gpu14
0 - SLURM_JOB_NUM_NODES: 1
0 - SLURM_NTASKS: 1
0 - SLURM_TASKS_PER_NODE: 1
0 - SLURM_MEM_PER_NODE: None
0 - SLURM_MEM_PER_CPU: 5333
0 - SLURM_NODEID: 0
0 - SLURM_PROCID: 0
0 - SLURM_LOCALID: 0
0 - SLURM_TASK_PID: 1317975
0 - Master address: gpu14
0 - Master port   : -1
0 - Number of nodes: 1
0 - Node ID        : 0
0 - Local rank     : 0
0 - Global rank    : 0
0 - World size     : 1
0 - GPUs per node  : 1
0 - Master         : True
0 - Multi-node     : False
0 - Multi-GPU      : False
0 - Hostname       : gpu14.barkla2.liv.alces.network
infeasibility in SOS checker sin(x3)**2 contains an element of the set of generators.
optimisation error ('sin(x3)**2 contains an element of the set of generators.',)
infeasibility in SOS checker log(x0 + 1)**2 contains an element of the set of generators.
optimisation error ('log(x0 + 1)**2 contains an element of the set of generators.',)
infeasibility in SOS checker cos(x0)**2 contains an element of the set of generators.
optimisation error ('cos(x0)**2 contains an element of the set of generators.',)
infeasibility in SOS checker cos(x3)**2 contains an element of the set of generators.
optimisation error ('cos(x3)**2 contains an element of the set of generators.',)
infeasibility in SOS checker exp(x0) contains an element of the set of generators.
optimisation error ('exp(x0) contains an element of the set of generators.',)
infeasibility in SOS checker cos(x1) contains an element of the set of generators.
optimisation error ('cos(x1) contains an element of the set of generators.',)
infeasibility in SOS checker cos(x0)**2 contains an element of the set of generators.
optimisation error ('cos(x0)**2 contains an element of the set of generators.',)
infeasibility in SOS checker sin(x1)**2 contains an element of the set of generators.
optimisation error ('sin(x1)**2 contains an element of the set of generators.',)
infeasibility in SOS checker exp(x1) contains an element of the set of generators.
optimisation error ('exp(x1) contains an element of the set of generators.',)
infeasibility in SOS checker sin(x0)**2 contains an element of the set of generators.
optimisation error ('sin(x0)**2 contains an element of the set of generators.',)
infeasibility in SOS checker cos(x1) contains an element of the set of generators.
optimisation error ('cos(x1) contains an element of the set of generators.',)
infeasibility in SOS checker exp(x1) contains an element of the set of generators.
optimisation error ('exp(x1) contains an element of the set of generators.',)
infeasibility in SOS checker cos(x4) contains an element of the set of generators.
optimisation error ('cos(x4) contains an element of the set of generators.',)
infeasibility in SOS checker log(x1 + 1) contains an element of the set of generators.
optimisation error ('log(x1 + 1) contains an element of the set of generators.',)
infeasibility in SOS checker sin(x5)**2 contains an element of the set of generators.
optimisation error ('sin(x5)**2 contains an element of the set of generators.',)
infeasibility in SOS checker exp(x0) contains an element of the set of generators.
optimisation error ('exp(x0) contains an element of the set of generators.',)
infeasibility in SOS checker sin(x0) contains an element of the set of generators.
optimisation error ('sin(x0) contains an element of the set of generators.',)
infeasibility in SOS checker log(x0 + 1)**2 contains an element of the set of generators.
optimisation error ('log(x0 + 1)**2 contains an element of the set of generators.',)
infeasibility in SOS checker log(x0 + 1)**2 contains an element of the set of generators.
optimisation error ('log(x0 + 1)**2 contains an element of the set of generators.',)
infeasibility in SOS checker sin(x1)**2 contains an element of the set of generators.
optimisation error ('sin(x1)**2 contains an element of the set of generators.',)
infeasibility in SOS checker cos(x1)**2 contains an element of the set of generators.
optimisation error ('cos(x1)**2 contains an element of the set of generators.',)
infeasibility in SOS checker 3
infeasibility in SOS checker log(x0 + 1)**2 contains an element of the set of generators.
optimisation error ('log(x0 + 1)**2 contains an element of the set of generators.',)
infeasibility in SOS checker log(x5 + 1) contains an element of the set of generators.
optimisation error ('log(x5 + 1) contains an element of the set of generators.',)
infeasibility in SOS checker 3
infeasibility in SOS checker sin(x2) contains an element of the set of generators.
optimisation error ('sin(x2) contains an element of the set of generators.',)
infeasibility in SOS checker exp(x0) contains an element of the set of generators.
optimisation error ('exp(x0) contains an element of the set of generators.',)
infeasibility in SOS checker sin(x1)**2 contains an element of the set of generators.
optimisation error ('sin(x1)**2 contains an element of the set of generators.',)
infeasibility in SOS checker cos(x1) contains an element of the set of generators.
optimisation error ('cos(x1) contains an element of the set of generators.',)
infeasibility in SOS checker exp(x3) contains an element of the set of generators.
optimisation error ('exp(x3) contains an element of the set of generators.',)
infeasibility in SOS checker sin(x1) contains an element of the set of generators.
optimisation error ('sin(x1) contains an element of the set of generators.',)
infeasibility in SOS checker exp(x1) contains an element of the set of generators.
optimisation error ('exp(x1) contains an element of the set of generators.',)
infeasibility in SOS checker log(x0 + 1)**2 contains an element of the set of generators.
optimisation error ('log(x0 + 1)**2 contains an element of the set of generators.',)
infeasibility in SOS checker sin(x2)**2 contains an element of the set of generators.
optimisation error ('sin(x2)**2 contains an element of the set of generators.',)
infeasibility in SOS checker cos(x1) contains an element of the set of generators.
optimisation error ('cos(x1) contains an element of the set of generators.',)
infeasibility in SOS checker exp(2*x0) contains an element of the set of generators.
optimisation error ('exp(2*x0) contains an element of the set of generators.',)
infeasibility in SOS checker sin(x0) contains an element of the set of generators.
optimisation error ('sin(x0) contains an element of the set of generators.',)
infeasibility in SOS checker exp(x1) contains an element of the set of generators.
optimisation error ('exp(x1) contains an element of the set of generators.',)
infeasibility in SOS checker cos(x1)**2 contains an element of the set of generators.
optimisation error ('cos(x1)**2 contains an element of the set of generators.',)
infeasibility in SOS checker sin(x0) contains an element of the set of generators.
optimisation error ('sin(x0) contains an element of the set of generators.',)
infeasibility in SOS checker log(x3 + 1)**2 contains an element of the set of generators.
optimisation error ('log(x3 + 1)**2 contains an element of the set of generators.',)
infeasibility in SOS checker cos(x1) contains an element of the set of generators.
optimisation error ('cos(x1) contains an element of the set of generators.',)
infeasibility in SOS checker cos(x3) contains an element of the set of generators.
optimisation error ('cos(x3) contains an element of the set of generators.',)
infeasibility in SOS checker exp(x3) contains an element of the set of generators.
optimisation error ('exp(x3) contains an element of the set of generators.',)
infeasibility in SOS checker cos(x0)**2 contains an element of the set of generators.
optimisation error ('cos(x0)**2 contains an element of the set of generators.',)
infeasibility in SOS checker log(x0 + 1)**2 contains an element of the set of generators.
optimisation error ('log(x0 + 1)**2 contains an element of the set of generators.',)
infeasibility in SOS checker Polynomial degree must be even!
infeasibility in SOS checker cos(x1) contains an element of the set of generators.
optimisation error ('cos(x1) contains an element of the set of generators.',)
infeasibility in SOS checker sin(2*x2) contains an element of the set of generators.
optimisation error ('sin(2*x2) contains an element of the set of generators.',)
infeasibility in SOS checker cos(x1) contains an element of the set of generators.
optimisation error ('cos(x1) contains an element of the set of generators.',)
infeasibility in SOS checker cos(x0)**2 contains an element of the set of generators.
optimisation error ('cos(x0)**2 contains an element of the set of generators.',)
infeasibility in SOS checker cos(x1) contains an element of the set of generators.
optimisation error ('cos(x1) contains an element of the set of generators.',)
infeasibility in SOS checker cos(x4) contains an element of the set of generators.
optimisation error ('cos(x4) contains an element of the set of generators.',)
infeasibility in SOS checker log(x1 + 1) contains an element of the set of generators.
optimisation error ('log(x1 + 1) contains an element of the set of generators.',)
infeasibility in SOS checker cos(x1) contains an element of the set of generators.
optimisation error ('cos(x1) contains an element of the set of generators.',)
infeasibility in SOS checker log(x0 + 1)**2 contains an element of the set of generators.
optimisation error ('log(x0 + 1)**2 contains an element of the set of generators.',)
infeasibility in SOS checker cos(x1) contains an element of the set of generators.
optimisation error ('cos(x1) contains an element of the set of generators.',)
infeasibility in SOS checker exp(x5) contains an element of the set of generators.
optimisation error ('exp(x5) contains an element of the set of generators.',)
infeasibility in SOS checker 3
infeasibility in SOS checker exp(2*x0) contains an element of the set of generators.
optimisation error ('exp(2*x0) contains an element of the set of generators.',)
infeasibility in SOS checker exp(2*x2) contains an element of the set of generators.
optimisation error ('exp(2*x2) contains an element of the set of generators.',)
infeasibility in SOS checker sin(x1)**2 contains an element of the set of generators.
optimisation error ('sin(x1)**2 contains an element of the set of generators.',)
infeasibility in SOS checker sin(x0)**2 contains an element of the set of generators.
optimisation error ('sin(x0)**2 contains an element of the set of generators.',)
infeasibility in SOS checker exp(x1) contains an element of the set of generators.
optimisation error ('exp(x1) contains an element of the set of generators.',)
infeasibility in SOS checker exp(2*x2) contains an element of the set of generators.
optimisation error ('exp(2*x2) contains an element of the set of generators.',)
infeasibility in SOS checker sin(x1)**2 contains an element of the set of generators.
optimisation error ('sin(x1)**2 contains an element of the set of generators.',)
infeasibility in SOS checker log(x2 + 1) contains an element of the set of generators.
optimisation error ('log(x2 + 1) contains an element of the set of generators.',)
infeasibility in SOS checker sin(x4) contains an element of the set of generators.
optimisation error ('sin(x4) contains an element of the set of generators.',)
infeasibility in SOS checker 3
infeasibility in SOS checker log(x0 + 1) contains an element of the set of generators.
optimisation error ('log(x0 + 1) contains an element of the set of generators.',)
infeasibility in SOS checker cos(x0) contains an element of the set of generators.
optimisation error ('cos(x0) contains an element of the set of generators.',)
infeasibility in SOS checker sin(x1) contains an element of the set of generators.
optimisation error ('sin(x1) contains an element of the set of generators.',)
infeasibility in SOS checker cos(x4) contains an element of the set of generators.
optimisation error ('cos(x4) contains an element of the set of generators.',)
infeasibility in SOS checker cos(x4)**2 contains an element of the set of generators.
optimisation error ('cos(x4)**2 contains an element of the set of generators.',)
infeasibility in SOS checker exp(x2) contains an element of the set of generators.
optimisation error ('exp(x2) contains an element of the set of generators.',)
infeasibility in SOS checker cos(x1)**2 contains an element of the set of generators.
optimisation error ('cos(x1)**2 contains an element of the set of generators.',)
infeasibility in SOS checker exp(2*x2) contains an element of the set of generators.
optimisation error ('exp(2*x2) contains an element of the set of generators.',)
infeasibility in SOS checker log(x1 + 1)**2 contains an element of the set of generators.
optimisation error ('log(x1 + 1)**2 contains an element of the set of generators.',)
infeasibility in SOS checker cos(x2)**2 contains an element of the set of generators.
optimisation error ('cos(x2)**2 contains an element of the set of generators.',)
infeasibility in SOS checker log(x0 + 1)**2 contains an element of the set of generators.
optimisation error ('log(x0 + 1)**2 contains an element of the set of generators.',)
infeasibility in SOS checker sin(x1) contains an element of the set of generators.
optimisation error ('sin(x1) contains an element of the set of generators.',)
infeasibility in SOS checker sin(x1)**2 contains an element of the set of generators.
optimisation error ('sin(x1)**2 contains an element of the set of generators.',)
infeasibility in SOS checker cos(x3) contains an element of the set of generators.
optimisation error ('cos(x3) contains an element of the set of generators.',)
infeasibility in SOS checker sin(x4)**2 contains an element of the set of generators.
optimisation error ('sin(x4)**2 contains an element of the set of generators.',)
infeasibility in SOS checker sin(x2) contains an element of the set of generators.
optimisation error ('sin(x2) contains an element of the set of generators.',)
infeasibility in SOS checker cos(x1) contains an element of the set of generators.
optimisation error ('cos(x1) contains an element of the set of generators.',)
infeasibility in SOS checker cos(x1) contains an element of the set of generators.
optimisation error ('cos(x1) contains an element of the set of generators.',)
infeasibility in SOS checker sin(x1) contains an element of the set of generators.
optimisation error ('sin(x1) contains an element of the set of generators.',)
infeasibility in SOS checker cos(x1) contains an element of the set of generators.
optimisation error ('cos(x1) contains an element of the set of generators.',)
infeasibility in SOS checker cos(x3)**2 contains an element of the set of generators.
optimisation error ('cos(x3)**2 contains an element of the set of generators.',)
infeasibility in SOS checker 3
infeasibility in SOS checker cos(x0)**2 contains an element of the set of generators.
optimisation error ('cos(x0)**2 contains an element of the set of generators.',)
infeasibility in SOS checker log(x1 + 1) contains an element of the set of generators.
optimisation error ('log(x1 + 1) contains an element of the set of generators.',)
infeasibility in SOS checker cos(x1) contains an element of the set of generators.
optimisation error ('cos(x1) contains an element of the set of generators.',)
infeasibility in SOS checker cos(x1) contains an element of the set of generators.
optimisation error ('cos(x1) contains an element of the set of generators.',)
infeasibility in SOS checker cos(x1)**2 contains an element of the set of generators.
optimisation error ('cos(x1)**2 contains an element of the set of generators.',)
infeasibility in SOS checker cos(x0)**2 contains an element of the set of generators.
optimisation error ('cos(x0)**2 contains an element of the set of generators.',)
infeasibility in SOS checker exp(x1) contains an element of the set of generators.
optimisation error ('exp(x1) contains an element of the set of generators.',)
infeasibility in SOS checker sin(x1)**2 contains an element of the set of generators.
optimisation error ('sin(x1)**2 contains an element of the set of generators.',)
infeasibility in SOS checker log(x3 + 1) contains an element of the set of generators.
optimisation error ('log(x3 + 1) contains an element of the set of generators.',)
infeasibility in SOS checker sin(x1)**2 contains an element of the set of generators.
optimisation error ('sin(x1)**2 contains an element of the set of generators.',)
infeasibility in SOS checker cos(x2) contains an element of the set of generators.
optimisation error ('cos(x2) contains an element of the set of generators.',)
infeasibility in SOS checker sin(x2) contains an element of the set of generators.
optimisation error ('sin(x2) contains an element of the set of generators.',)
infeasibility in SOS checker cos(x1) contains an element of the set of generators.
optimisation error ('cos(x1) contains an element of the set of generators.',)
infeasibility in SOS checker exp(x3) contains an element of the set of generators.
optimisation error ('exp(x3) contains an element of the set of generators.',)
infeasibility in SOS checker sin(x0) contains an element of the set of generators.
optimisation error ('sin(x0) contains an element of the set of generators.',)
infeasibility in SOS checker cos(x1) contains an element of the set of generators.
optimisation error ('cos(x1) contains an element of the set of generators.',)
infeasibility in SOS checker sin(x0)**2 contains an element of the set of generators.
optimisation error ('sin(x0)**2 contains an element of the set of generators.',)
infeasibility in SOS checker exp(2*x1) contains an element of the set of generators.
optimisation error ('exp(2*x1) contains an element of the set of generators.',)
infeasibility in SOS checker cos(x4) contains an element of the set of generators.
optimisation error ('cos(x4) contains an element of the set of generators.',)
infeasibility in SOS checker exp(x1) contains an element of the set of generators.
optimisation error ('exp(x1) contains an element of the set of generators.',)
infeasibility in SOS checker cos(x1)**2 contains an element of the set of generators.
optimisation error ('cos(x1)**2 contains an element of the set of generators.',)
infeasibility in SOS checker sin(x2) contains an element of the set of generators.
optimisation error ('sin(x2) contains an element of the set of generators.',)
infeasibility in SOS checker 3
infeasibility in SOS checker sin(x2) contains an element of the set of generators.
optimisation error ('sin(x2) contains an element of the set of generators.',)
infeasibility in SOS checker log(x0 + 1)**2 contains an element of the set of generators.
optimisation error ('log(x0 + 1)**2 contains an element of the set of generators.',)
infeasibility in SOS checker 3
infeasibility in SOS checker cos(x3) contains an element of the set of generators.
optimisation error ('cos(x3) contains an element of the set of generators.',)
infeasibility in SOS checker sin(x0) contains an element of the set of generators.
optimisation error ('sin(x0) contains an element of the set of generators.',)
infeasibility in SOS checker exp(x2) contains an element of the set of generators.
optimisation error ('exp(x2) contains an element of the set of generators.',)
infeasibility in SOS checker 3
infeasibility in SOS checker log(x0 + 1)**2 contains an element of the set of generators.
optimisation error ('log(x0 + 1)**2 contains an element of the set of generators.',)
infeasibility in SOS checker sin(x0)**2 contains an element of the set of generators.
optimisation error ('sin(x0)**2 contains an element of the set of generators.',)
infeasibility in SOS checker 3
infeasibility in SOS checker sin(x0) contains an element of the set of generators.
optimisation error ('sin(x0) contains an element of the set of generators.',)
infeasibility in SOS checker exp(x0) contains an element of the set of generators.
optimisation error ('exp(x0) contains an element of the set of generators.',)
infeasibility in SOS checker cos(x1) contains an element of the set of generators.
optimisation error ('cos(x1) contains an element of the set of generators.',)
infeasibility in SOS checker log(x1 + 1) contains an element of the set of generators.
optimisation error ('log(x1 + 1) contains an element of the set of generators.',)
infeasibility in SOS checker cos(x1) contains an element of the set of generators.
optimisation error ('cos(x1) contains an element of the set of generators.',)
infeasibility in SOS checker cos(x2)**2 contains an element of the set of generators.
optimisation error ('cos(x2)**2 contains an element of the set of generators.',)
infeasibility in SOS checker cos(x4)**2 contains an element of the set of generators.
optimisation error ('cos(x4)**2 contains an element of the set of generators.',)
infeasibility in SOS checker sin(x2)**2 contains an element of the set of generators.
optimisation error ('sin(x2)**2 contains an element of the set of generators.',)
infeasibility in SOS checker sin(x1) contains an element of the set of generators.
optimisation error ('sin(x1) contains an element of the set of generators.',)
infeasibility in SOS checker cos(x2) contains an element of the set of generators.
optimisation error ('cos(x2) contains an element of the set of generators.',)
infeasibility in SOS checker 3
infeasibility in SOS checker cos(x2) contains an element of the set of generators.
optimisation error ('cos(x2) contains an element of the set of generators.',)
infeasibility in SOS checker 3
infeasibility in SOS checker 3
infeasibility in SOS checker exp(x0) contains an element of the set of generators.
optimisation error ('exp(x0) contains an element of the set of generators.',)
infeasibility in SOS checker exp(x1) contains an element of the set of generators.
optimisation error ('exp(x1) contains an element of the set of generators.',)
infeasibility in SOS checker sin(x0)**2 contains an element of the set of generators.
optimisation error ('sin(x0)**2 contains an element of the set of generators.',)
infeasibility in SOS checker sin(x0) contains an element of the set of generators.
optimisation error ('sin(x0) contains an element of the set of generators.',)
infeasibility in SOS checker cos(x3) contains an element of the set of generators.
optimisation error ('cos(x3) contains an element of the set of generators.',)
infeasibility in SOS checker cos(x1) contains an element of the set of generators.
optimisation error ('cos(x1) contains an element of the set of generators.',)
infeasibility in SOS checker log(x0 + 1) contains an element of the set of generators.
optimisation error ('log(x0 + 1) contains an element of the set of generators.',)
infeasibility in SOS checker 3
infeasibility in SOS checker 3
infeasibility in SOS checker exp(x2) contains an element of the set of generators.
optimisation error ('exp(x2) contains an element of the set of generators.',)
infeasibility in SOS checker exp(x3) contains an element of the set of generators.
optimisation error ('exp(x3) contains an element of the set of generators.',)
infeasibility in SOS checker 3
infeasibility in SOS checker cos(x0) contains an element of the set of generators.
optimisation error ('cos(x0) contains an element of the set of generators.',)
infeasibility in SOS checker cos(x3)**2 contains an element of the set of generators.
optimisation error ('cos(x3)**2 contains an element of the set of generators.',)
infeasibility in SOS checker 3
infeasibility in SOS checker log(x0 + 1)**2 contains an element of the set of generators.
optimisation error ('log(x0 + 1)**2 contains an element of the set of generators.',)
infeasibility in SOS checker cos(x0) contains an element of the set of generators.
optimisation error ('cos(x0) contains an element of the set of generators.',)
infeasibility in SOS checker cos(x0) contains an element of the set of generators.
optimisation error ('cos(x0) contains an element of the set of generators.',)
infeasibility in SOS checker cos(x1)**2 contains an element of the set of generators.
optimisation error ('cos(x1)**2 contains an element of the set of generators.',)
infeasibility in SOS checker sin(x0)**2 contains an element of the set of generators.
optimisation error ('sin(x0)**2 contains an element of the set of generators.',)
infeasibility in SOS checker cos(x1) contains an element of the set of generators.
optimisation error ('cos(x1) contains an element of the set of generators.',)
infeasibility in SOS checker log(x4 + 1) contains an element of the set of generators.
optimisation error ('log(x4 + 1) contains an element of the set of generators.',)
infeasibility in SOS checker cos(x1)**2 contains an element of the set of generators.
optimisation error ('cos(x1)**2 contains an element of the set of generators.',)
infeasibility in SOS checker cos(x3) contains an element of the set of generators.
optimisation error ('cos(x3) contains an element of the set of generators.',)
infeasibility in SOS checker cos(x1) contains an element of the set of generators.
optimisation error ('cos(x1) contains an element of the set of generators.',)
infeasibility in SOS checker cos(x0) contains an element of the set of generators.
optimisation error ('cos(x0) contains an element of the set of generators.',)
infeasibility in SOS checker exp(x0) contains an element of the set of generators.
optimisation error ('exp(x0) contains an element of the set of generators.',)
infeasibility in SOS checker cos(x0) contains an element of the set of generators.
optimisation error ('cos(x0) contains an element of the set of generators.',)
infeasibility in SOS checker exp(2*x1) contains an element of the set of generators.
optimisation error ('exp(2*x1) contains an element of the set of generators.',)
infeasibility in SOS checker cos(x0) contains an element of the set of generators.
optimisation error ('cos(x0) contains an element of the set of generators.',)
infeasibility in SOS checker exp(2*x0) contains an element of the set of generators.
optimisation error ('exp(2*x0) contains an element of the set of generators.',)
infeasibility in SOS checker log(x1 + 1) contains an element of the set of generators.
optimisation error ('log(x1 + 1) contains an element of the set of generators.',)
infeasibility in SOS checker log(x4 + 1) contains an element of the set of generators.
optimisation error ('log(x4 + 1) contains an element of the set of generators.',)
infeasibility in SOS checker sin(x0) contains an element of the set of generators.
optimisation error ('sin(x0) contains an element of the set of generators.',)
infeasibility in SOS checker log(x0 + 1) contains an element of the set of generators.
optimisation error ('log(x0 + 1) contains an element of the set of generators.',)
infeasibility in SOS checker sin(x1)**2 contains an element of the set of generators.
optimisation error ('sin(x1)**2 contains an element of the set of generators.',)
infeasibility in SOS checker cos(x1) contains an element of the set of generators.
optimisation error ('cos(x1) contains an element of the set of generators.',)
infeasibility in SOS checker sin(x1) contains an element of the set of generators.
optimisation error ('sin(x1) contains an element of the set of generators.',)
infeasibility in SOS checker cos(x1) contains an element of the set of generators.
optimisation error ('cos(x1) contains an element of the set of generators.',)
infeasibility in SOS checker exp(x1) contains an element of the set of generators.
optimisation error ('exp(x1) contains an element of the set of generators.',)
infeasibility in SOS checker cos(x1) contains an element of the set of generators.
optimisation error ('cos(x1) contains an element of the set of generators.',)
infeasibility in SOS checker 3
infeasibility in SOS checker exp(x3) contains an element of the set of generators.
optimisation error ('exp(x3) contains an element of the set of generators.',)
infeasibility in SOS checker cos(x3) contains an element of the set of generators.
optimisation error ('cos(x3) contains an element of the set of generators.',)
infeasibility in SOS checker sin(2*x1) contains an element of the set of generators.
optimisation error ('sin(2*x1) contains an element of the set of generators.',)
infeasibility in SOS checker sin(x1)**2 contains an element of the set of generators.
optimisation error ('sin(x1)**2 contains an element of the set of generators.',)
infeasibility in SOS checker sin(x2)**2 contains an element of the set of generators.
optimisation error ('sin(x2)**2 contains an element of the set of generators.',)
infeasibility in SOS checker sin(x1) contains an element of the set of generators.
optimisation error ('sin(x1) contains an element of the set of generators.',)
infeasibility in SOS checker log(x4 + 1)**2 contains an element of the set of generators.
optimisation error ('log(x4 + 1)**2 contains an element of the set of generators.',)
infeasibility in SOS checker 3
infeasibility in SOS checker cos(x1) contains an element of the set of generators.
optimisation error ('cos(x1) contains an element of the set of generators.',)
infeasibility in SOS checker 3
